This file contains any messages produced by compilers while
running configure, to aid debugging if configure makes a mistake.

It was created by Quickening configure 0.1.2, which was
generated by GNU Autoconf 2.59.  Invocation command line was

  $ ./configure 

## --------- ##
## Platform. ##
## --------- ##

hostname = gregory-crosswhites-ibook-g4.local
uname -m = Power Macintosh
uname -r = 8.11.0
uname -s = Darwin
uname -v = Darwin Kernel Version 8.11.0: Wed Oct 10 18:26:00 PDT 2007; root:xnu-792.24.17~1/RELEASE_PPC

/usr/bin/uname -p = powerpc
/bin/uname -X     = unknown

/bin/arch              = unknown
/usr/bin/arch -k       = unknown
/usr/convex/getsysinfo = unknown
hostinfo               = Mach kernel version:
	 Darwin Kernel Version 8.11.0: Wed Oct 10 18:26:00 PDT 2007; root:xnu-792.24.17~1/RELEASE_PPC
Kernel configured for a single processor only.
1 processor is physically available.
Processor type: ppc7450 (PowerPC 7450)
Processor active: 0
Primary memory available: 1.00 gigabytes
Default processor set: 87 tasks, 304 threads, 1 processors
Load average: 1.57, Mach factor: 0.46
/bin/machine           = unknown
/usr/bin/oslevel       = unknown
/bin/universe          = unknown

PATH: /Users/gcross/local/bin
PATH: /Library/Frameworks/Python.framework/Versions/Current/bin
PATH: /usr/local/bin
PATH: /usr/local/bin
PATH: /bin
PATH: /sbin
PATH: /usr/bin
PATH: /usr/sbin
PATH: /usr/local/teTeX/bin/powerpc-apple-darwin-current
PATH: /usr/local/bin


## ----------- ##
## Core tests. ##
## ----------- ##

configure:1556: checking for a BSD-compatible install
configure:1611: result: /usr/bin/install -c
configure:1622: checking whether build environment is sane
configure:1665: result: yes
configure:1698: checking for gawk
configure:1727: result: no
configure:1698: checking for mawk
configure:1727: result: no
configure:1698: checking for nawk
configure:1727: result: no
configure:1698: checking for awk
configure:1714: found /usr/bin/awk
configure:1724: result: awk
configure:1734: checking whether make sets $(MAKE)
configure:1754: result: yes
configure:1907: checking cached information
configure:1925: result: ok
configure:1950: checking for style of include used by make
configure:1978: result: GNU
configure:2051: checking for gcc
configure:2067: found /usr/bin/gcc
configure:2077: result: gcc
configure:2321: checking for C compiler version
configure:2324: gcc --version </dev/null >&5
powerpc-apple-darwin8-gcc-4.0.1 (GCC) 4.0.1 (Apple Computer, Inc. build 5367)
Copyright (C) 2005 Free Software Foundation, Inc.
This is free software; see the source for copying conditions.  There is NO
warranty; not even for MERCHANTABILITY or FITNESS FOR A PARTICULAR PURPOSE.

configure:2327: $? = 0
configure:2329: gcc -v </dev/null >&5
Using built-in specs.
Target: powerpc-apple-darwin8
Configured with: /private/var/tmp/gcc/gcc-5367.obj~1/src/configure --disable-checking -enable-werror --prefix=/usr --mandir=/share/man --enable-languages=c,objc,c++,obj-c++ --program-transform-name=/^[cg][^.-]*$/s/$/-4.0/ --with-gxx-include-dir=/include/c++/4.0.0 --with-slibdir=/usr/lib --build=powerpc-apple-darwin8 --host=powerpc-apple-darwin8 --target=powerpc-apple-darwin8
Thread model: posix
gcc version 4.0.1 (Apple Computer, Inc. build 5367)
configure:2332: $? = 0
configure:2334: gcc -V </dev/null >&5
gcc: argument to `-V' is missing
configure:2337: $? = 1
configure:2360: checking for C compiler default output file name
configure:2363: gcc    conftest.c  >&5
configure:2366: $? = 0
configure:2412: result: a.out
configure:2417: checking whether the C compiler works
configure:2423: ./a.out
configure:2426: $? = 0
configure:2443: result: yes
configure:2450: checking whether we are cross compiling
configure:2452: result: no
configure:2455: checking for suffix of executables
configure:2457: gcc -o conftest    conftest.c  >&5
configure:2460: $? = 0
configure:2485: result: 
configure:2491: checking for suffix of object files
configure:2512: gcc -c   conftest.c >&5
configure:2515: $? = 0
configure:2537: result: o
configure:2541: checking whether we are using the GNU C compiler
configure:2565: gcc -c   conftest.c >&5
configure:2571: $? = 0
configure:2575: test -z 
			 || test ! -s conftest.err
configure:2578: $? = 0
configure:2581: test -s conftest.o
configure:2584: $? = 0
configure:2597: result: yes
configure:2603: checking whether gcc accepts -g
configure:2624: gcc -c -g  conftest.c >&5
configure:2630: $? = 0
configure:2634: test -z 
			 || test ! -s conftest.err
configure:2637: $? = 0
configure:2640: test -s conftest.o
configure:2643: $? = 0
configure:2654: result: yes
configure:2671: checking for gcc option to accept ANSI C
configure:2741: gcc  -c -g -O2  conftest.c >&5
configure:2747: $? = 0
configure:2751: test -z 
			 || test ! -s conftest.err
configure:2754: $? = 0
configure:2757: test -s conftest.o
configure:2760: $? = 0
configure:2778: result: none needed
configure:2796: gcc -c -g -O2  conftest.c >&5
conftest.c:2: error: parse error before 'me'
configure:2802: $? = 1
configure: failed program was:
| #ifndef __cplusplus
|   choke me
| #endif
configure:2937: checking dependency style of gcc
configure:2999: result: gcc3
configure:3006: checking gcc version
configure:3012: result: 4.0.1
configure:3015: result: adding -Wall and friends to CFLAGS.
configure:3028: checking whether the C compiler (gcc) accepts noreturn attribute
configure:3058: gcc -c -g -O2 -W -Wall -Wshadow -Wpointer-arith -Wwrite-strings -Wmissing-noreturn -Wunreachable-code  conftest.c >&5
conftest.c: In function 'f':
conftest.c:15: warning: implicit declaration of function 'exit'
conftest.c:15: warning: incompatible implicit declaration of built-in function 'exit'
conftest.c: In function 'main':
conftest.c:25: warning: will never be executed
configure:3064: $? = 0
configure:3068: test -z 
			 || test ! -s conftest.err
configure:3071: $? = 0
configure:3074: test -s conftest.o
configure:3077: $? = 0
configure:3090: result: yes
configure:3112: checking whether to enable -Werror as default
configure:3120: result: nope.
configure:3208: checking build system type
configure:3226: result: powerpc-apple-darwin8.11.0
configure:3234: checking host system type
configure:3248: result: powerpc-apple-darwin8.11.0
configure:3256: checking for a sed that does not truncate output
configure:3310: result: /usr/bin/sed
configure:3313: checking for egrep
configure:3323: result: grep -E
configure:3339: checking for ld used by gcc
configure:3406: result: /usr/bin/ld
configure:3415: checking if the linker (/usr/bin/ld) is GNU ld
configure:3430: result: no
configure:3435: checking for /usr/bin/ld option to reload object files
configure:3442: result: -r
configure:3451: checking for BSD-compatible nm
configure:3493: result: /usr/bin/nm -p
configure:3497: checking whether ln -s works
configure:3501: result: yes
configure:3508: checking how to recognise dependent libraries
configure:3708: result: pass_all
configure:3921: checking how to run the C preprocessor
configure:3956: gcc -E  conftest.c
configure:3962: $? = 0
configure:3994: gcc -E  conftest.c
conftest.c:13:28: error: ac_nonexistent.h: No such file or directory
configure:4000: $? = 1
configure: failed program was:
| /* confdefs.h.  */
| 
| #define PACKAGE_NAME "Quickening"
| #define PACKAGE_TARNAME "quickening"
| #define PACKAGE_VERSION "0.1.2"
| #define PACKAGE_STRING "Quickening 0.1.2"
| #define PACKAGE_BUGREPORT "bugs@scriptroute.org"
| #define PACKAGE "quickening"
| #define VERSION "0.1.2"
| #define FUNCATTR_NORETURN __attribute__ ((noreturn))
| #define HAVE_ATTR_NORETURN 1
| /* end confdefs.h.  */
| #include <ac_nonexistent.h>
configure:4039: result: gcc -E
configure:4063: gcc -E  conftest.c
configure:4069: $? = 0
configure:4101: gcc -E  conftest.c
conftest.c:13:28: error: ac_nonexistent.h: No such file or directory
configure:4107: $? = 1
configure: failed program was:
| /* confdefs.h.  */
| 
| #define PACKAGE_NAME "Quickening"
| #define PACKAGE_TARNAME "quickening"
| #define PACKAGE_VERSION "0.1.2"
| #define PACKAGE_STRING "Quickening 0.1.2"
| #define PACKAGE_BUGREPORT "bugs@scriptroute.org"
| #define PACKAGE "quickening"
| #define VERSION "0.1.2"
| #define FUNCATTR_NORETURN __attribute__ ((noreturn))
| #define HAVE_ATTR_NORETURN 1
| /* end confdefs.h.  */
| #include <ac_nonexistent.h>
configure:4151: checking for ANSI C header files
configure:4176: gcc -c -g -O2 -W -Wall -Wshadow -Wpointer-arith -Wwrite-strings -Wmissing-noreturn -Wunreachable-code  conftest.c >&5
configure:4182: $? = 0
configure:4186: test -z 
			 || test ! -s conftest.err
configure:4189: $? = 0
configure:4192: test -s conftest.o
configure:4195: $? = 0
configure:4281: gcc -o conftest -g -O2 -W -Wall -Wshadow -Wpointer-arith -Wwrite-strings -Wmissing-noreturn -Wunreachable-code   conftest.c  >&5
conftest.c: In function 'main':
conftest.c:30: warning: implicit declaration of function 'exit'
conftest.c:30: warning: incompatible implicit declaration of built-in function 'exit'
configure:4284: $? = 0
configure:4286: ./conftest
configure:4289: $? = 0
configure:4304: result: yes
configure:4328: checking for sys/types.h
configure:4344: gcc -c -g -O2 -W -Wall -Wshadow -Wpointer-arith -Wwrite-strings -Wmissing-noreturn -Wunreachable-code  conftest.c >&5
configure:4350: $? = 0
configure:4354: test -z 
			 || test ! -s conftest.err
configure:4357: $? = 0
configure:4360: test -s conftest.o
configure:4363: $? = 0
configure:4374: result: yes
configure:4328: checking for sys/stat.h
configure:4344: gcc -c -g -O2 -W -Wall -Wshadow -Wpointer-arith -Wwrite-strings -Wmissing-noreturn -Wunreachable-code  conftest.c >&5
configure:4350: $? = 0
configure:4354: test -z 
			 || test ! -s conftest.err
configure:4357: $? = 0
configure:4360: test -s conftest.o
configure:4363: $? = 0
configure:4374: result: yes
configure:4328: checking for stdlib.h
configure:4344: gcc -c -g -O2 -W -Wall -Wshadow -Wpointer-arith -Wwrite-strings -Wmissing-noreturn -Wunreachable-code  conftest.c >&5
configure:4350: $? = 0
configure:4354: test -z 
			 || test ! -s conftest.err
configure:4357: $? = 0
configure:4360: test -s conftest.o
configure:4363: $? = 0
configure:4374: result: yes
configure:4328: checking for string.h
configure:4344: gcc -c -g -O2 -W -Wall -Wshadow -Wpointer-arith -Wwrite-strings -Wmissing-noreturn -Wunreachable-code  conftest.c >&5
configure:4350: $? = 0
configure:4354: test -z 
			 || test ! -s conftest.err
configure:4357: $? = 0
configure:4360: test -s conftest.o
configure:4363: $? = 0
configure:4374: result: yes
configure:4328: checking for memory.h
configure:4344: gcc -c -g -O2 -W -Wall -Wshadow -Wpointer-arith -Wwrite-strings -Wmissing-noreturn -Wunreachable-code  conftest.c >&5
configure:4350: $? = 0
configure:4354: test -z 
			 || test ! -s conftest.err
configure:4357: $? = 0
configure:4360: test -s conftest.o
configure:4363: $? = 0
configure:4374: result: yes
configure:4328: checking for strings.h
configure:4344: gcc -c -g -O2 -W -Wall -Wshadow -Wpointer-arith -Wwrite-strings -Wmissing-noreturn -Wunreachable-code  conftest.c >&5
configure:4350: $? = 0
configure:4354: test -z 
			 || test ! -s conftest.err
configure:4357: $? = 0
configure:4360: test -s conftest.o
configure:4363: $? = 0
configure:4374: result: yes
configure:4328: checking for inttypes.h
configure:4344: gcc -c -g -O2 -W -Wall -Wshadow -Wpointer-arith -Wwrite-strings -Wmissing-noreturn -Wunreachable-code  conftest.c >&5
configure:4350: $? = 0
configure:4354: test -z 
			 || test ! -s conftest.err
configure:4357: $? = 0
configure:4360: test -s conftest.o
configure:4363: $? = 0
configure:4374: result: yes
configure:4328: checking for stdint.h
configure:4344: gcc -c -g -O2 -W -Wall -Wshadow -Wpointer-arith -Wwrite-strings -Wmissing-noreturn -Wunreachable-code  conftest.c >&5
configure:4350: $? = 0
configure:4354: test -z 
			 || test ! -s conftest.err
configure:4357: $? = 0
configure:4360: test -s conftest.o
configure:4363: $? = 0
configure:4374: result: yes
configure:4328: checking for unistd.h
configure:4344: gcc -c -g -O2 -W -Wall -Wshadow -Wpointer-arith -Wwrite-strings -Wmissing-noreturn -Wunreachable-code  conftest.c >&5
configure:4350: $? = 0
configure:4354: test -z 
			 || test ! -s conftest.err
configure:4357: $? = 0
configure:4360: test -s conftest.o
configure:4363: $? = 0
configure:4374: result: yes
configure:4400: checking dlfcn.h usability
configure:4412: gcc -c -g -O2 -W -Wall -Wshadow -Wpointer-arith -Wwrite-strings -Wmissing-noreturn -Wunreachable-code  conftest.c >&5
configure:4418: $? = 0
configure:4422: test -z 
			 || test ! -s conftest.err
configure:4425: $? = 0
configure:4428: test -s conftest.o
configure:4431: $? = 0
configure:4441: result: yes
configure:4445: checking dlfcn.h presence
configure:4455: gcc -E  conftest.c
configure:4461: $? = 0
configure:4481: result: yes
configure:4516: checking for dlfcn.h
configure:4523: result: yes
configure:4588: checking for g++
configure:4604: found /usr/bin/g++
configure:4614: result: g++
configure:4630: checking for C++ compiler version
configure:4633: g++ --version </dev/null >&5
powerpc-apple-darwin8-g++-4.0.1 (GCC) 4.0.1 (Apple Computer, Inc. build 5367)
Copyright (C) 2005 Free Software Foundation, Inc.
This is free software; see the source for copying conditions.  There is NO
warranty; not even for MERCHANTABILITY or FITNESS FOR A PARTICULAR PURPOSE.

configure:4636: $? = 0
configure:4638: g++ -v </dev/null >&5
Using built-in specs.
Target: powerpc-apple-darwin8
Configured with: /private/var/tmp/gcc/gcc-5367.obj~1/src/configure --disable-checking -enable-werror --prefix=/usr --mandir=/share/man --enable-languages=c,objc,c++,obj-c++ --program-transform-name=/^[cg][^.-]*$/s/$/-4.0/ --with-gxx-include-dir=/include/c++/4.0.0 --with-slibdir=/usr/lib --build=powerpc-apple-darwin8 --host=powerpc-apple-darwin8 --target=powerpc-apple-darwin8
Thread model: posix
gcc version 4.0.1 (Apple Computer, Inc. build 5367)
configure:4641: $? = 0
configure:4643: g++ -V </dev/null >&5
g++: argument to `-V' is missing
configure:4646: $? = 1
configure:4649: checking whether we are using the GNU C++ compiler
configure:4673: g++ -c   conftest.cc >&5
configure:4679: $? = 0
configure:4683: test -z 
			 || test ! -s conftest.err
configure:4686: $? = 0
configure:4689: test -s conftest.o
configure:4692: $? = 0
configure:4705: result: yes
configure:4711: checking whether g++ accepts -g
configure:4732: g++ -c -g  conftest.cc >&5
configure:4738: $? = 0
configure:4742: test -z 
			 || test ! -s conftest.err
configure:4745: $? = 0
configure:4748: test -s conftest.o
configure:4751: $? = 0
configure:4762: result: yes
configure:4804: g++ -c -g -O2  conftest.cc >&5
configure:4810: $? = 0
configure:4814: test -z 
			 || test ! -s conftest.err
configure:4817: $? = 0
configure:4820: test -s conftest.o
configure:4823: $? = 0
configure:4849: g++ -c -g -O2  conftest.cc >&5
conftest.cc: In function 'int main()':
conftest.cc:28: error: 'exit' was not declared in this scope
configure:4855: $? = 1
configure: failed program was:
| /* confdefs.h.  */
| 
| #define PACKAGE_NAME "Quickening"
| #define PACKAGE_TARNAME "quickening"
| #define PACKAGE_VERSION "0.1.2"
| #define PACKAGE_STRING "Quickening 0.1.2"
| #define PACKAGE_BUGREPORT "bugs@scriptroute.org"
| #define PACKAGE "quickening"
| #define VERSION "0.1.2"
| #define FUNCATTR_NORETURN __attribute__ ((noreturn))
| #define HAVE_ATTR_NORETURN 1
| #define STDC_HEADERS 1
| #define HAVE_SYS_TYPES_H 1
| #define HAVE_SYS_STAT_H 1
| #define HAVE_STDLIB_H 1
| #define HAVE_STRING_H 1
| #define HAVE_MEMORY_H 1
| #define HAVE_STRINGS_H 1
| #define HAVE_INTTYPES_H 1
| #define HAVE_STDINT_H 1
| #define HAVE_UNISTD_H 1
| #define HAVE_DLFCN_H 1
| /* end confdefs.h.  */
| 
| int
| main ()
| {
| exit (42);
|   ;
|   return 0;
| }
configure:4804: g++ -c -g -O2  conftest.cc >&5
/usr/include/stdlib.h:158: error: declaration of 'void std::exit(int)' throws different exceptions
conftest.cc:24: error: than previous declaration 'void std::exit(int) throw ()'
configure:4810: $? = 1
configure: failed program was:
| /* confdefs.h.  */
| 
| #define PACKAGE_NAME "Quickening"
| #define PACKAGE_TARNAME "quickening"
| #define PACKAGE_VERSION "0.1.2"
| #define PACKAGE_STRING "Quickening 0.1.2"
| #define PACKAGE_BUGREPORT "bugs@scriptroute.org"
| #define PACKAGE "quickening"
| #define VERSION "0.1.2"
| #define FUNCATTR_NORETURN __attribute__ ((noreturn))
| #define HAVE_ATTR_NORETURN 1
| #define STDC_HEADERS 1
| #define HAVE_SYS_TYPES_H 1
| #define HAVE_SYS_STAT_H 1
| #define HAVE_STDLIB_H 1
| #define HAVE_STRING_H 1
| #define HAVE_MEMORY_H 1
| #define HAVE_STRINGS_H 1
| #define HAVE_INTTYPES_H 1
| #define HAVE_STDINT_H 1
| #define HAVE_UNISTD_H 1
| #define HAVE_DLFCN_H 1
| /* end confdefs.h.  */
| extern "C" void std::exit (int) throw (); using std::exit;
| #include <stdlib.h>
| int
| main ()
| {
| exit (42);
|   ;
|   return 0;
| }
configure:4804: g++ -c -g -O2  conftest.cc >&5
configure:4810: $? = 0
configure:4814: test -z 
			 || test ! -s conftest.err
configure:4817: $? = 0
configure:4820: test -s conftest.o
configure:4823: $? = 0
configure:4849: g++ -c -g -O2  conftest.cc >&5
configure:4855: $? = 0
configure:4859: test -z 
			 || test ! -s conftest.err
configure:4862: $? = 0
configure:4865: test -s conftest.o
configure:4868: $? = 0
configure:4893: checking dependency style of g++
configure:4955: result: gcc3
configure:4965: checking how to run the C++ preprocessor
configure:4996: g++ -E  conftest.cc
configure:5002: $? = 0
configure:5034: g++ -E  conftest.cc
conftest.cc:27:28: error: ac_nonexistent.h: No such file or directory
configure:5040: $? = 1
configure: failed program was:
| /* confdefs.h.  */
| 
| #define PACKAGE_NAME "Quickening"
| #define PACKAGE_TARNAME "quickening"
| #define PACKAGE_VERSION "0.1.2"
| #define PACKAGE_STRING "Quickening 0.1.2"
| #define PACKAGE_BUGREPORT "bugs@scriptroute.org"
| #define PACKAGE "quickening"
| #define VERSION "0.1.2"
| #define FUNCATTR_NORETURN __attribute__ ((noreturn))
| #define HAVE_ATTR_NORETURN 1
| #define STDC_HEADERS 1
| #define HAVE_SYS_TYPES_H 1
| #define HAVE_SYS_STAT_H 1
| #define HAVE_STDLIB_H 1
| #define HAVE_STRING_H 1
| #define HAVE_MEMORY_H 1
| #define HAVE_STRINGS_H 1
| #define HAVE_INTTYPES_H 1
| #define HAVE_STDINT_H 1
| #define HAVE_UNISTD_H 1
| #define HAVE_DLFCN_H 1
| #ifdef __cplusplus
| extern "C" void std::exit (int); using std::exit;
| #endif
| /* end confdefs.h.  */
| #include <ac_nonexistent.h>
configure:5079: result: g++ -E
configure:5103: g++ -E  conftest.cc
configure:5109: $? = 0
configure:5141: g++ -E  conftest.cc
conftest.cc:27:28: error: ac_nonexistent.h: No such file or directory
configure:5147: $? = 1
configure: failed program was:
| /* confdefs.h.  */
| 
| #define PACKAGE_NAME "Quickening"
| #define PACKAGE_TARNAME "quickening"
| #define PACKAGE_VERSION "0.1.2"
| #define PACKAGE_STRING "Quickening 0.1.2"
| #define PACKAGE_BUGREPORT "bugs@scriptroute.org"
| #define PACKAGE "quickening"
| #define VERSION "0.1.2"
| #define FUNCATTR_NORETURN __attribute__ ((noreturn))
| #define HAVE_ATTR_NORETURN 1
| #define STDC_HEADERS 1
| #define HAVE_SYS_TYPES_H 1
| #define HAVE_SYS_STAT_H 1
| #define HAVE_STDLIB_H 1
| #define HAVE_STRING_H 1
| #define HAVE_MEMORY_H 1
| #define HAVE_STRINGS_H 1
| #define HAVE_INTTYPES_H 1
| #define HAVE_STDINT_H 1
| #define HAVE_UNISTD_H 1
| #define HAVE_DLFCN_H 1
| #ifdef __cplusplus
| extern "C" void std::exit (int); using std::exit;
| #endif
| /* end confdefs.h.  */
| #include <ac_nonexistent.h>
configure:5242: checking for g77
configure:5258: found /usr/local/bin/g77
configure:5268: result: g77
configure:5286: checking for Fortran 77 compiler version
configure:5286: g77 --version </dev/null >&5
GNU Fortran (GCC) 3.4.4
Copyright (C) 2004 Free Software Foundation, Inc.

GNU Fortran comes with NO WARRANTY, to the extent permitted by law.
You may redistribute copies of GNU Fortran
under the terms of the GNU General Public License.
For more information about these matters, see the file named COPYING
or type the command `info -f g77 Copying'.
configure:5289: $? = 0
configure:5291: g77 -v </dev/null >&5
Reading specs from /usr/local/lib/gcc/powerpc-apple-darwin7.9.0/3.4.4/specs
Configured with: ../gcc/configure --enable-threads=posix --enable-languages=f77
Thread model: posix
gcc version 3.4.4
configure:5294: $? = 0
configure:5296: g77 -V </dev/null >&5
g77: `-V' option must have argument
configure:5299: $? = 1
configure:5307: checking whether we are using the GNU Fortran 77 compiler
configure:5321: g77 -c  conftest.F >&5
configure:5327: $? = 0
configure:5331: test -z 
			 || test ! -s conftest.err
configure:5334: $? = 0
configure:5337: test -s conftest.o
configure:5340: $? = 0
configure:5353: result: yes
configure:5359: checking whether g77 accepts -g
configure:5371: g77 -c -g conftest.f >&5
configure:5377: $? = 0
configure:5381: test -z 
			 || test ! -s conftest.err
configure:5384: $? = 0
configure:5387: test -s conftest.o
configure:5390: $? = 0
configure:5402: result: yes
configure:5432: checking the maximum length of command line arguments
configure:5491: result: 65536
configure:5502: checking command to parse /usr/bin/nm -p output from gcc object
configure:5591: gcc -c -g -O2 -W -Wall -Wshadow -Wpointer-arith -Wwrite-strings -Wmissing-noreturn -Wunreachable-code  conftest.c >&5
configure:5594: $? = 0
configure:5598: /usr/bin/nm -p conftest.o \| sed -n -e 's/^.*[ 	]\([BCDEGRST][BCDEGRST]*\)[ 	][ 	]*\(\)\([_A-Za-z][_A-Za-z0-9]*\)$/\1 \2\3 \3/p' \> conftest.nm
configure:5601: $? = 0
cannot find nm_test_var in conftest.nm
configure:5591: gcc -c -g -O2 -W -Wall -Wshadow -Wpointer-arith -Wwrite-strings -Wmissing-noreturn -Wunreachable-code  conftest.c >&5
configure:5594: $? = 0
configure:5598: /usr/bin/nm -p conftest.o \| sed -n -e 's/^.*[ 	]\([BCDEGRST][BCDEGRST]*\)[ 	][ 	]*\(_\)\([_A-Za-z][_A-Za-z0-9]*\)$/\1 \2\3 \3/p' \> conftest.nm
configure:5601: $? = 0
configure:5653: gcc -o conftest -g -O2 -W -Wall -Wshadow -Wpointer-arith -Wwrite-strings -Wmissing-noreturn -Wunreachable-code   conftest.c conftstm.o >&5
configure:5656: $? = 0
configure:5694: result: ok
configure:5698: checking for objdir
configure:5713: result: .libs
configure:5806: checking for ar
configure:5822: found /usr/bin/ar
configure:5833: result: ar
configure:5886: checking for ranlib
configure:5902: found /usr/bin/ranlib
configure:5913: result: ranlib
configure:5966: checking for strip
configure:5982: found /usr/bin/strip
configure:5993: result: strip
configure:6255: checking if gcc static flag  works
configure:6278: result: yes
configure:6295: checking if gcc supports -fno-rtti -fno-exceptions
configure:6316: gcc -c -g -O2 -W -Wall -Wshadow -Wpointer-arith -Wwrite-strings -Wmissing-noreturn -Wunreachable-code  -fno-rtti -fno-exceptions conftest.c >&5
cc1: warning: command line option "-fno-rtti" is valid for C++/ObjC++ but not for C
configure:6320: $? = 0
configure:6328: result: no
configure:6343: checking for gcc option to produce PIC
configure:6520: result: -fno-common
configure:6527: checking if gcc PIC flag -fno-common works
configure:6548: gcc -c -g -O2 -W -Wall -Wshadow -Wpointer-arith -Wwrite-strings -Wmissing-noreturn -Wunreachable-code  -fno-common -DPIC conftest.c >&5
configure:6552: $? = 0
configure:6560: result: yes
configure:6584: checking if gcc supports -c -o file.o
configure:6615: gcc -c -g -O2 -W -Wall -Wshadow -Wpointer-arith -Wwrite-strings -Wmissing-noreturn -Wunreachable-code  -o out/conftest2.o conftest.c >&5
configure:6619: $? = 0
configure:6633: result: yes
configure:6659: checking whether the gcc linker (/usr/bin/ld) supports shared libraries
configure:7487: result: yes
configure:7558: checking how to hardcode library paths into programs
configure:7583: result: immediate
configure:7597: checking whether stripping libraries is possible
configure:7618: result: no
configure:7624: checking dynamic linker characteristics
configure:8135: result: darwin8.11.0 dyld
configure:8947: checking if libtool supports shared libraries
configure:8949: result: yes
configure:8952: checking whether to build shared libraries
configure:9015: result: yes
configure:9018: checking whether to build static libraries
configure:9022: result: yes
configure:9113: creating libtool
configure:9660: checking for ld used by g++
configure:9727: result: /usr/bin/ld
configure:9736: checking if the linker (/usr/bin/ld) is GNU ld
configure:9751: result: no
configure:9802: checking whether the g++ linker (/usr/bin/ld) supports shared libraries
configure:10631: result: yes
configure:10649: g++ -c -g -O2  conftest.cc >&5
configure:10652: $? = 0
configure:10748: checking for g++ option to produce PIC
configure:11000: result: -fno-common
configure:11007: checking if g++ PIC flag -fno-common works
configure:11028: g++ -c -g -O2  -fno-common -DPIC conftest.cc >&5
configure:11032: $? = 0
configure:11040: result: yes
configure:11064: checking if g++ supports -c -o file.o
configure:11095: g++ -c -g -O2  -o out/conftest2.o conftest.cc >&5
configure:11099: $? = 0
configure:11113: result: yes
configure:11139: checking whether the g++ linker (/usr/bin/ld) supports shared libraries
configure:11164: result: yes
configure:11235: checking how to hardcode library paths into programs
configure:11260: result: immediate
configure:11274: checking whether stripping libraries is possible
configure:11295: result: no
configure:11301: checking dynamic linker characteristics
configure:11812: result: darwin8.11.0 dyld
configure:13100: checking if libtool supports shared libraries
configure:13102: result: yes
configure:13105: checking whether to build shared libraries
configure:13123: result: yes
configure:13126: checking whether to build static libraries
configure:13130: result: yes
configure:13142: checking for g77 option to produce PIC
configure:13319: result: -fno-common
configure:13326: checking if g77 PIC flag -fno-common works
configure:13347: g77 -c -g -O2 -fno-common conftest.f >&5
configure:13351: $? = 0
configure:13359: result: yes
configure:13383: checking if g77 supports -c -o file.o
configure:13414: g77 -c -g -O2 -o out/conftest2.o conftest.f >&5
configure:13418: $? = 0
configure:13432: result: yes
configure:13458: checking whether the g77 linker (/usr/bin/ld) supports shared libraries
configure:14266: result: yes
configure:14337: checking how to hardcode library paths into programs
configure:14362: result: immediate
configure:14376: checking whether stripping libraries is possible
configure:14397: result: no
configure:14403: checking dynamic linker characteristics
configure:14914: result: darwin8.11.0 dyld
configure:18926: checking for splint
configure:18960: result: no
configure:18966: checking for dot
configure:19000: result: no
configure:19006: checking for cvs2cl
configure:19040: result: no
configure:19058: checking for a BSD-compatible install
configure:19113: result: /usr/bin/install -c
configure:19124: checking whether make sets $(MAKE)
configure:19144: result: yes
configure:19163: checking for getopt_long
configure:19220: gcc -o conftest -g -O2 -W -Wall -Wshadow -Wpointer-arith -Wwrite-strings -Wmissing-noreturn -Wunreachable-code   conftest.c  >&5
conftest.c: In function 'main':
conftest.c:69: warning: will never be executed
configure:19226: $? = 0
configure:19230: test -z 
			 || test ! -s conftest.err
configure:19233: $? = 0
configure:19236: test -s conftest
configure:19239: $? = 0
configure:19251: result: yes
configure:19264: checking for scandir
configure:19321: gcc -o conftest -g -O2 -W -Wall -Wshadow -Wpointer-arith -Wwrite-strings -Wmissing-noreturn -Wunreachable-code   conftest.c  >&5
conftest.c: In function 'main':
conftest.c:69: warning: will never be executed
configure:19327: $? = 0
configure:19331: test -z 
			 || test ! -s conftest.err
configure:19334: $? = 0
configure:19337: test -s conftest
configure:19340: $? = 0
configure:19352: result: yes
configure:19383: checking check.h usability
configure:19395: gcc -c -g -O2 -W -Wall -Wshadow -Wpointer-arith -Wwrite-strings -Wmissing-noreturn -Wunreachable-code  conftest.c >&5
conftest.c:61:19: error: check.h: No such file or directory
configure:19401: $? = 1
configure: failed program was:
| /* confdefs.h.  */
| 
| #define PACKAGE_NAME "Quickening"
| #define PACKAGE_TARNAME "quickening"
| #define PACKAGE_VERSION "0.1.2"
| #define PACKAGE_STRING "Quickening 0.1.2"
| #define PACKAGE_BUGREPORT "bugs@scriptroute.org"
| #define PACKAGE "quickening"
| #define VERSION "0.1.2"
| #define FUNCATTR_NORETURN __attribute__ ((noreturn))
| #define HAVE_ATTR_NORETURN 1
| #define STDC_HEADERS 1
| #define HAVE_SYS_TYPES_H 1
| #define HAVE_SYS_STAT_H 1
| #define HAVE_STDLIB_H 1
| #define HAVE_STRING_H 1
| #define HAVE_MEMORY_H 1
| #define HAVE_STRINGS_H 1
| #define HAVE_INTTYPES_H 1
| #define HAVE_STDINT_H 1
| #define HAVE_UNISTD_H 1
| #define HAVE_DLFCN_H 1
| #ifdef __cplusplus
| extern "C" void std::exit (int); using std::exit;
| #endif
| /* end confdefs.h.  */
| #include <stdio.h>
| #if HAVE_SYS_TYPES_H
| # include <sys/types.h>
| #endif
| #if HAVE_SYS_STAT_H
| # include <sys/stat.h>
| #endif
| #if STDC_HEADERS
| # include <stdlib.h>
| # include <stddef.h>
| #else
| # if HAVE_STDLIB_H
| #  include <stdlib.h>
| # endif
| #endif
| #if HAVE_STRING_H
| # if !STDC_HEADERS && HAVE_MEMORY_H
| #  include <memory.h>
| # endif
| # include <string.h>
| #endif
| #if HAVE_STRINGS_H
| # include <strings.h>
| #endif
| #if HAVE_INTTYPES_H
| # include <inttypes.h>
| #else
| # if HAVE_STDINT_H
| #  include <stdint.h>
| # endif
| #endif
| #if HAVE_UNISTD_H
| # include <unistd.h>
| #endif
| #include <check.h>
configure:19424: result: no
configure:19428: checking check.h presence
configure:19438: gcc -E  conftest.c
conftest.c:27:19: error: check.h: No such file or directory
configure:19444: $? = 1
configure: failed program was:
| /* confdefs.h.  */
| 
| #define PACKAGE_NAME "Quickening"
| #define PACKAGE_TARNAME "quickening"
| #define PACKAGE_VERSION "0.1.2"
| #define PACKAGE_STRING "Quickening 0.1.2"
| #define PACKAGE_BUGREPORT "bugs@scriptroute.org"
| #define PACKAGE "quickening"
| #define VERSION "0.1.2"
| #define FUNCATTR_NORETURN __attribute__ ((noreturn))
| #define HAVE_ATTR_NORETURN 1
| #define STDC_HEADERS 1
| #define HAVE_SYS_TYPES_H 1
| #define HAVE_SYS_STAT_H 1
| #define HAVE_STDLIB_H 1
| #define HAVE_STRING_H 1
| #define HAVE_MEMORY_H 1
| #define HAVE_STRINGS_H 1
| #define HAVE_INTTYPES_H 1
| #define HAVE_STDINT_H 1
| #define HAVE_UNISTD_H 1
| #define HAVE_DLFCN_H 1
| #ifdef __cplusplus
| extern "C" void std::exit (int); using std::exit;
| #endif
| /* end confdefs.h.  */
| #include <check.h>
configure:19464: result: no
configure:19499: checking for check.h
configure:19506: result: no
configure:19520: checking for suite_create in -lcheck
configure:19550: gcc -o conftest -g -O2 -W -Wall -Wshadow -Wpointer-arith -Wwrite-strings -Wmissing-noreturn -Wunreachable-code   conftest.c -lcheck   >&5
/usr/bin/ld: can't locate file for: -lcheck
collect2: ld returned 1 exit status
configure:19556: $? = 1
configure: failed program was:
| /* confdefs.h.  */
| 
| #define PACKAGE_NAME "Quickening"
| #define PACKAGE_TARNAME "quickening"
| #define PACKAGE_VERSION "0.1.2"
| #define PACKAGE_STRING "Quickening 0.1.2"
| #define PACKAGE_BUGREPORT "bugs@scriptroute.org"
| #define PACKAGE "quickening"
| #define VERSION "0.1.2"
| #define FUNCATTR_NORETURN __attribute__ ((noreturn))
| #define HAVE_ATTR_NORETURN 1
| #define STDC_HEADERS 1
| #define HAVE_SYS_TYPES_H 1
| #define HAVE_SYS_STAT_H 1
| #define HAVE_STDLIB_H 1
| #define HAVE_STRING_H 1
| #define HAVE_MEMORY_H 1
| #define HAVE_STRINGS_H 1
| #define HAVE_INTTYPES_H 1
| #define HAVE_STDINT_H 1
| #define HAVE_UNISTD_H 1
| #define HAVE_DLFCN_H 1
| #ifdef __cplusplus
| extern "C" void std::exit (int); using std::exit;
| #endif
| /* end confdefs.h.  */
| 
| /* Override any gcc2 internal prototype to avoid an error.  */
| #ifdef __cplusplus
| extern "C"
| #endif
| /* We use char because int might match the return type of a gcc2
|    builtin and then its argument prototype would still apply.  */
| char suite_create ();
| int
| main ()
| {
| suite_create ();
|   ;
|   return 0;
| }
configure:19582: result: no
configure:19677: checking for stdint.h
configure:19682: result: yes
configure:19823: checking for uint64_t
configure:19847: gcc -c -g -O2 -W -Wall -Wshadow -Wpointer-arith -Wwrite-strings -Wmissing-noreturn -Wunreachable-code  conftest.c >&5
conftest.c: In function 'main':
conftest.c:66: warning: will never be executed
conftest.c:70: warning: will never be executed
configure:19853: $? = 0
configure:19857: test -z 
			 || test ! -s conftest.err
configure:19860: $? = 0
configure:19863: test -s conftest.o
configure:19866: $? = 0
configure:19877: result: yes
configure:19880: checking size of uint64_t
configure:20199: gcc -o conftest -g -O2 -W -Wall -Wshadow -Wpointer-arith -Wwrite-strings -Wmissing-noreturn -Wunreachable-code   conftest.c  >&5
conftest.c: In function 'main':
conftest.c:79: warning: will never be executed
conftest.c:90: warning: will never be executed
configure:20202: $? = 0
configure:20204: ./conftest
configure:20207: $? = 0
configure:20230: result: 8
configure:20237: checking for long long
configure:20261: gcc -c -g -O2 -W -Wall -Wshadow -Wpointer-arith -Wwrite-strings -Wmissing-noreturn -Wunreachable-code  conftest.c >&5
conftest.c: In function 'main':
conftest.c:67: warning: will never be executed
conftest.c:71: warning: will never be executed
configure:20267: $? = 0
configure:20271: test -z 
			 || test ! -s conftest.err
configure:20274: $? = 0
configure:20277: test -s conftest.o
configure:20280: $? = 0
configure:20291: result: yes
configure:20294: checking size of long long
configure:20613: gcc -o conftest -g -O2 -W -Wall -Wshadow -Wpointer-arith -Wwrite-strings -Wmissing-noreturn -Wunreachable-code   conftest.c  >&5
conftest.c: In function 'main':
conftest.c:80: warning: will never be executed
conftest.c:91: warning: will never be executed
configure:20616: $? = 0
configure:20618: ./conftest
configure:20621: $? = 0
configure:20644: result: 8
configure:20651: checking for long
configure:20675: gcc -c -g -O2 -W -Wall -Wshadow -Wpointer-arith -Wwrite-strings -Wmissing-noreturn -Wunreachable-code  conftest.c >&5
conftest.c: In function 'main':
conftest.c:68: warning: will never be executed
conftest.c:72: warning: will never be executed
configure:20681: $? = 0
configure:20685: test -z 
			 || test ! -s conftest.err
configure:20688: $? = 0
configure:20691: test -s conftest.o
configure:20694: $? = 0
configure:20705: result: yes
configure:20708: checking size of long
configure:21027: gcc -o conftest -g -O2 -W -Wall -Wshadow -Wpointer-arith -Wwrite-strings -Wmissing-noreturn -Wunreachable-code   conftest.c  >&5
conftest.c: In function 'main':
conftest.c:81: warning: will never be executed
conftest.c:92: warning: will never be executed
configure:21030: $? = 0
configure:21032: ./conftest
configure:21035: $? = 0
configure:21058: result: 4
configure:21065: checking for __int64
configure:21089: gcc -c -g -O2 -W -Wall -Wshadow -Wpointer-arith -Wwrite-strings -Wmissing-noreturn -Wunreachable-code  conftest.c >&5
conftest.c: In function 'main':
conftest.c:68: error: '__int64' undeclared (first use in this function)
conftest.c:68: error: (Each undeclared identifier is reported only once
conftest.c:68: error: for each function it appears in.)
conftest.c:68: error: parse error before ')' token
configure:21095: $? = 1
configure: failed program was:
| /* confdefs.h.  */
| 
| #define PACKAGE_NAME "Quickening"
| #define PACKAGE_TARNAME "quickening"
| #define PACKAGE_VERSION "0.1.2"
| #define PACKAGE_STRING "Quickening 0.1.2"
| #define PACKAGE_BUGREPORT "bugs@scriptroute.org"
| #define PACKAGE "quickening"
| #define VERSION "0.1.2"
| #define FUNCATTR_NORETURN __attribute__ ((noreturn))
| #define HAVE_ATTR_NORETURN 1
| #define STDC_HEADERS 1
| #define HAVE_SYS_TYPES_H 1
| #define HAVE_SYS_STAT_H 1
| #define HAVE_STDLIB_H 1
| #define HAVE_STRING_H 1
| #define HAVE_MEMORY_H 1
| #define HAVE_STRINGS_H 1
| #define HAVE_INTTYPES_H 1
| #define HAVE_STDINT_H 1
| #define HAVE_UNISTD_H 1
| #define HAVE_DLFCN_H 1
| #ifdef __cplusplus
| extern "C" void std::exit (int); using std::exit;
| #endif
| #define HAVE_STDINT_H 1
| #define SIZEOF_UINT64_T 8
| #define SIZEOF_LONG_LONG 8
| #define SIZEOF_LONG 4
| /* end confdefs.h.  */
| #include <stdio.h>
| #if HAVE_SYS_TYPES_H
| # include <sys/types.h>
| #endif
| #if HAVE_SYS_STAT_H
| # include <sys/stat.h>
| #endif
| #if STDC_HEADERS
| # include <stdlib.h>
| # include <stddef.h>
| #else
| # if HAVE_STDLIB_H
| #  include <stdlib.h>
| # endif
| #endif
| #if HAVE_STRING_H
| # if !STDC_HEADERS && HAVE_MEMORY_H
| #  include <memory.h>
| # endif
| # include <string.h>
| #endif
| #if HAVE_STRINGS_H
| # include <strings.h>
| #endif
| #if HAVE_INTTYPES_H
| # include <inttypes.h>
| #else
| # if HAVE_STDINT_H
| #  include <stdint.h>
| # endif
| #endif
| #if HAVE_UNISTD_H
| # include <unistd.h>
| #endif
| int
| main ()
| {
| if ((__int64 *) 0)
|   return 0;
| if (sizeof (__int64))
|   return 0;
|   ;
|   return 0;
| }
configure:21119: result: no
configure:21122: checking size of __int64
configure:21472: result: 0
configure:21480: checking for u_int64_t
configure:21504: gcc -c -g -O2 -W -Wall -Wshadow -Wpointer-arith -Wwrite-strings -Wmissing-noreturn -Wunreachable-code  conftest.c >&5
conftest.c: In function 'main':
conftest.c:70: warning: will never be executed
conftest.c:74: warning: will never be executed
configure:21510: $? = 0
configure:21514: test -z 
			 || test ! -s conftest.err
configure:21517: $? = 0
configure:21520: test -s conftest.o
configure:21523: $? = 0
configure:21534: result: yes
configure:21752: checking for snprintf
configure:21809: gcc -o conftest -g -O2 -W -Wall -Wshadow -Wpointer-arith -Wwrite-strings -Wmissing-noreturn -Wunreachable-code   conftest.c  >&5
conftest.c:56: warning: conflicting types for built-in function 'snprintf'
conftest.c: In function 'main':
conftest.c:74: warning: will never be executed
configure:21815: $? = 0
configure:21819: test -z 
			 || test ! -s conftest.err
configure:21822: $? = 0
configure:21825: test -s conftest
configure:21828: $? = 0
configure:21840: result: yes
configure:21856: checking for herror
configure:21913: gcc -o conftest -g -O2 -W -Wall -Wshadow -Wpointer-arith -Wwrite-strings -Wmissing-noreturn -Wunreachable-code   conftest.c  >&5
conftest.c: In function 'main':
conftest.c:75: warning: will never be executed
configure:21919: $? = 0
configure:21923: test -z 
			 || test ! -s conftest.err
configure:21926: $? = 0
configure:21929: test -s conftest
configure:21932: $? = 0
configure:21944: result: yes
configure:21856: checking for hstrerror
configure:21913: gcc -o conftest -g -O2 -W -Wall -Wshadow -Wpointer-arith -Wwrite-strings -Wmissing-noreturn -Wunreachable-code   conftest.c  >&5
conftest.c: In function 'main':
conftest.c:76: warning: will never be executed
configure:21919: $? = 0
configure:21923: test -z 
			 || test ! -s conftest.err
configure:21926: $? = 0
configure:21929: test -s conftest
configure:21932: $? = 0
configure:21944: result: yes
configure:21959: checking for daemon
configure:22016: gcc -o conftest -g -O2 -W -Wall -Wshadow -Wpointer-arith -Wwrite-strings -Wmissing-noreturn -Wunreachable-code   conftest.c  >&5
conftest.c: In function 'main':
conftest.c:77: warning: will never be executed
configure:22022: $? = 0
configure:22026: test -z 
			 || test ! -s conftest.err
configure:22029: $? = 0
configure:22032: test -s conftest
configure:22035: $? = 0
configure:22047: result: yes
configure:22059: checking for socklen_t
configure:22087: gcc -c -g -O2 -W -Wall -Wshadow -Wpointer-arith -Wwrite-strings -Wmissing-noreturn -Wunreachable-code  conftest.c >&5
conftest.c: In function 'main':
conftest.c:45: warning: will never be executed
conftest.c:49: warning: will never be executed
configure:22093: $? = 0
configure:22097: test -z 
			 || test ! -s conftest.err
configure:22100: $? = 0
configure:22103: test -s conftest.o
configure:22106: $? = 0
configure:22117: result: yes
configure:22131: checking for working getaddrinfo
configure:22171: gcc -o conftest -g -O2 -W -Wall -Wshadow -Wpointer-arith -Wwrite-strings -Wmissing-noreturn -Wunreachable-code   conftest.c  >&5
conftest.c:41: warning: return type of 'main' is not 'int'
conftest.c: In function 'main':
conftest.c:45: warning: implicit declaration of function 'memset'
conftest.c:45: warning: incompatible implicit declaration of built-in function 'memset'
conftest.c:50: warning: implicit declaration of function 'exit'
conftest.c:50: warning: incompatible implicit declaration of built-in function 'exit'
conftest.c:53: warning: incompatible implicit declaration of built-in function 'exit'
configure:22174: $? = 0
configure:22176: ./conftest
configure:22179: $? = 0
configure:22197: result: yes
configure:22479: checking for pthread_mutex_t
configure:22507: gcc -c -g -O2 -W -Wall -Wshadow -Wpointer-arith -Wwrite-strings -Wmissing-noreturn -Wunreachable-code  conftest.c >&5
conftest.c: In function 'main':
conftest.c:47: warning: will never be executed
conftest.c:51: warning: will never be executed
configure:22513: $? = 0
configure:22517: test -z 
			 || test ! -s conftest.err
configure:22520: $? = 0
configure:22523: test -s conftest.o
configure:22526: $? = 0
configure:22537: result: yes
configure:22558: checking for dirent.h that defines DIR
configure:22582: gcc -c -g -O2 -W -Wall -Wshadow -Wpointer-arith -Wwrite-strings -Wmissing-noreturn -Wunreachable-code  conftest.c >&5
conftest.c: In function 'main':
conftest.c:45: warning: will never be executed
configure:22588: $? = 0
configure:22592: test -z 
			 || test ! -s conftest.err
configure:22595: $? = 0
configure:22598: test -s conftest.o
configure:22601: $? = 0
configure:22612: result: yes
configure:22625: checking for library containing opendir
configure:22655: gcc -o conftest -g -O2 -W -Wall -Wshadow -Wpointer-arith -Wwrite-strings -Wmissing-noreturn -Wunreachable-code   conftest.c  >&5
configure:22661: $? = 0
configure:22665: test -z 
			 || test ! -s conftest.err
configure:22668: $? = 0
configure:22671: test -s conftest
configure:22674: $? = 0
configure:22744: result: none required
configure:22907: checking sys/param.h usability
configure:22919: gcc -c -g -O2 -W -Wall -Wshadow -Wpointer-arith -Wwrite-strings -Wmissing-noreturn -Wunreachable-code  conftest.c >&5
configure:22925: $? = 0
configure:22929: test -z 
			 || test ! -s conftest.err
configure:22932: $? = 0
configure:22935: test -s conftest.o
configure:22938: $? = 0
configure:22948: result: yes
configure:22952: checking sys/param.h presence
configure:22962: gcc -E  conftest.c
configure:22968: $? = 0
configure:22988: result: yes
configure:23023: checking for sys/param.h
configure:23030: result: yes
configure:22907: checking sys/time.h usability
configure:22919: gcc -c -g -O2 -W -Wall -Wshadow -Wpointer-arith -Wwrite-strings -Wmissing-noreturn -Wunreachable-code  conftest.c >&5
configure:22925: $? = 0
configure:22929: test -z 
			 || test ! -s conftest.err
configure:22932: $? = 0
configure:22935: test -s conftest.o
configure:22938: $? = 0
configure:22948: result: yes
configure:22952: checking sys/time.h presence
configure:22962: gcc -E  conftest.c
configure:22968: $? = 0
configure:22988: result: yes
configure:23023: checking for sys/time.h
configure:23030: result: yes
configure:22907: checking time.h usability
configure:22919: gcc -c -g -O2 -W -Wall -Wshadow -Wpointer-arith -Wwrite-strings -Wmissing-noreturn -Wunreachable-code  conftest.c >&5
configure:22925: $? = 0
configure:22929: test -z 
			 || test ! -s conftest.err
configure:22932: $? = 0
configure:22935: test -s conftest.o
configure:22938: $? = 0
configure:22948: result: yes
configure:22952: checking time.h presence
configure:22962: gcc -E  conftest.c
configure:22968: $? = 0
configure:22988: result: yes
configure:23023: checking for time.h
configure:23030: result: yes
configure:22907: checking sys/mkdev.h usability
configure:22919: gcc -c -g -O2 -W -Wall -Wshadow -Wpointer-arith -Wwrite-strings -Wmissing-noreturn -Wunreachable-code  conftest.c >&5
conftest.c:76:23: error: sys/mkdev.h: No such file or directory
configure:22925: $? = 1
configure: failed program was:
| /* confdefs.h.  */
| 
| #define PACKAGE_NAME "Quickening"
| #define PACKAGE_TARNAME "quickening"
| #define PACKAGE_VERSION "0.1.2"
| #define PACKAGE_STRING "Quickening 0.1.2"
| #define PACKAGE_BUGREPORT "bugs@scriptroute.org"
| #define PACKAGE "quickening"
| #define VERSION "0.1.2"
| #define FUNCATTR_NORETURN __attribute__ ((noreturn))
| #define HAVE_ATTR_NORETURN 1
| #define STDC_HEADERS 1
| #define HAVE_SYS_TYPES_H 1
| #define HAVE_SYS_STAT_H 1
| #define HAVE_STDLIB_H 1
| #define HAVE_STRING_H 1
| #define HAVE_MEMORY_H 1
| #define HAVE_STRINGS_H 1
| #define HAVE_INTTYPES_H 1
| #define HAVE_STDINT_H 1
| #define HAVE_UNISTD_H 1
| #define HAVE_DLFCN_H 1
| #ifdef __cplusplus
| extern "C" void std::exit (int); using std::exit;
| #endif
| #define HAVE_STDINT_H 1
| #define SIZEOF_UINT64_T 8
| #define SIZEOF_LONG_LONG 8
| #define SIZEOF_LONG 4
| #define SIZEOF___INT64 0
| #define HAVE_SNPRINTF 1
| #define HAVE_HERROR 1
| #define HAVE_HSTRERROR 1
| #define HAVE_DAEMON 1
| #define HAVE_GETADDRINFO 1
| #define ENABLE_IPV6 1
| #define HAVE_DIRENT_H 1
| #define HAVE_SYS_PARAM_H 1
| #define HAVE_SYS_TIME_H 1
| #define HAVE_TIME_H 1
| /* end confdefs.h.  */
| #include <stdio.h>
| #if HAVE_SYS_TYPES_H
| # include <sys/types.h>
| #endif
| #if HAVE_SYS_STAT_H
| # include <sys/stat.h>
| #endif
| #if STDC_HEADERS
| # include <stdlib.h>
| # include <stddef.h>
| #else
| # if HAVE_STDLIB_H
| #  include <stdlib.h>
| # endif
| #endif
| #if HAVE_STRING_H
| # if !STDC_HEADERS && HAVE_MEMORY_H
| #  include <memory.h>
| # endif
| # include <string.h>
| #endif
| #if HAVE_STRINGS_H
| # include <strings.h>
| #endif
| #if HAVE_INTTYPES_H
| # include <inttypes.h>
| #else
| # if HAVE_STDINT_H
| #  include <stdint.h>
| # endif
| #endif
| #if HAVE_UNISTD_H
| # include <unistd.h>
| #endif
| #include <sys/mkdev.h>
configure:22948: result: no
configure:22952: checking sys/mkdev.h presence
configure:22962: gcc -E  conftest.c
conftest.c:42:23: error: sys/mkdev.h: No such file or directory
configure:22968: $? = 1
configure: failed program was:
| /* confdefs.h.  */
| 
| #define PACKAGE_NAME "Quickening"
| #define PACKAGE_TARNAME "quickening"
| #define PACKAGE_VERSION "0.1.2"
| #define PACKAGE_STRING "Quickening 0.1.2"
| #define PACKAGE_BUGREPORT "bugs@scriptroute.org"
| #define PACKAGE "quickening"
| #define VERSION "0.1.2"
| #define FUNCATTR_NORETURN __attribute__ ((noreturn))
| #define HAVE_ATTR_NORETURN 1
| #define STDC_HEADERS 1
| #define HAVE_SYS_TYPES_H 1
| #define HAVE_SYS_STAT_H 1
| #define HAVE_STDLIB_H 1
| #define HAVE_STRING_H 1
| #define HAVE_MEMORY_H 1
| #define HAVE_STRINGS_H 1
| #define HAVE_INTTYPES_H 1
| #define HAVE_STDINT_H 1
| #define HAVE_UNISTD_H 1
| #define HAVE_DLFCN_H 1
| #ifdef __cplusplus
| extern "C" void std::exit (int); using std::exit;
| #endif
| #define HAVE_STDINT_H 1
| #define SIZEOF_UINT64_T 8
| #define SIZEOF_LONG_LONG 8
| #define SIZEOF_LONG 4
| #define SIZEOF___INT64 0
| #define HAVE_SNPRINTF 1
| #define HAVE_HERROR 1
| #define HAVE_HSTRERROR 1
| #define HAVE_DAEMON 1
| #define HAVE_GETADDRINFO 1
| #define ENABLE_IPV6 1
| #define HAVE_DIRENT_H 1
| #define HAVE_SYS_PARAM_H 1
| #define HAVE_SYS_TIME_H 1
| #define HAVE_TIME_H 1
| /* end confdefs.h.  */
| #include <sys/mkdev.h>
configure:22988: result: no
configure:23023: checking for sys/mkdev.h
configure:23030: result: no
configure:22907: checking sys/sysmacros.h usability
configure:22919: gcc -c -g -O2 -W -Wall -Wshadow -Wpointer-arith -Wwrite-strings -Wmissing-noreturn -Wunreachable-code  conftest.c >&5
conftest.c:76:27: error: sys/sysmacros.h: No such file or directory
configure:22925: $? = 1
configure: failed program was:
| /* confdefs.h.  */
| 
| #define PACKAGE_NAME "Quickening"
| #define PACKAGE_TARNAME "quickening"
| #define PACKAGE_VERSION "0.1.2"
| #define PACKAGE_STRING "Quickening 0.1.2"
| #define PACKAGE_BUGREPORT "bugs@scriptroute.org"
| #define PACKAGE "quickening"
| #define VERSION "0.1.2"
| #define FUNCATTR_NORETURN __attribute__ ((noreturn))
| #define HAVE_ATTR_NORETURN 1
| #define STDC_HEADERS 1
| #define HAVE_SYS_TYPES_H 1
| #define HAVE_SYS_STAT_H 1
| #define HAVE_STDLIB_H 1
| #define HAVE_STRING_H 1
| #define HAVE_MEMORY_H 1
| #define HAVE_STRINGS_H 1
| #define HAVE_INTTYPES_H 1
| #define HAVE_STDINT_H 1
| #define HAVE_UNISTD_H 1
| #define HAVE_DLFCN_H 1
| #ifdef __cplusplus
| extern "C" void std::exit (int); using std::exit;
| #endif
| #define HAVE_STDINT_H 1
| #define SIZEOF_UINT64_T 8
| #define SIZEOF_LONG_LONG 8
| #define SIZEOF_LONG 4
| #define SIZEOF___INT64 0
| #define HAVE_SNPRINTF 1
| #define HAVE_HERROR 1
| #define HAVE_HSTRERROR 1
| #define HAVE_DAEMON 1
| #define HAVE_GETADDRINFO 1
| #define ENABLE_IPV6 1
| #define HAVE_DIRENT_H 1
| #define HAVE_SYS_PARAM_H 1
| #define HAVE_SYS_TIME_H 1
| #define HAVE_TIME_H 1
| /* end confdefs.h.  */
| #include <stdio.h>
| #if HAVE_SYS_TYPES_H
| # include <sys/types.h>
| #endif
| #if HAVE_SYS_STAT_H
| # include <sys/stat.h>
| #endif
| #if STDC_HEADERS
| # include <stdlib.h>
| # include <stddef.h>
| #else
| # if HAVE_STDLIB_H
| #  include <stdlib.h>
| # endif
| #endif
| #if HAVE_STRING_H
| # if !STDC_HEADERS && HAVE_MEMORY_H
| #  include <memory.h>
| # endif
| # include <string.h>
| #endif
| #if HAVE_STRINGS_H
| # include <strings.h>
| #endif
| #if HAVE_INTTYPES_H
| # include <inttypes.h>
| #else
| # if HAVE_STDINT_H
| #  include <stdint.h>
| # endif
| #endif
| #if HAVE_UNISTD_H
| # include <unistd.h>
| #endif
| #include <sys/sysmacros.h>
configure:22948: result: no
configure:22952: checking sys/sysmacros.h presence
configure:22962: gcc -E  conftest.c
conftest.c:42:27: error: sys/sysmacros.h: No such file or directory
configure:22968: $? = 1
configure: failed program was:
| /* confdefs.h.  */
| 
| #define PACKAGE_NAME "Quickening"
| #define PACKAGE_TARNAME "quickening"
| #define PACKAGE_VERSION "0.1.2"
| #define PACKAGE_STRING "Quickening 0.1.2"
| #define PACKAGE_BUGREPORT "bugs@scriptroute.org"
| #define PACKAGE "quickening"
| #define VERSION "0.1.2"
| #define FUNCATTR_NORETURN __attribute__ ((noreturn))
| #define HAVE_ATTR_NORETURN 1
| #define STDC_HEADERS 1
| #define HAVE_SYS_TYPES_H 1
| #define HAVE_SYS_STAT_H 1
| #define HAVE_STDLIB_H 1
| #define HAVE_STRING_H 1
| #define HAVE_MEMORY_H 1
| #define HAVE_STRINGS_H 1
| #define HAVE_INTTYPES_H 1
| #define HAVE_STDINT_H 1
| #define HAVE_UNISTD_H 1
| #define HAVE_DLFCN_H 1
| #ifdef __cplusplus
| extern "C" void std::exit (int); using std::exit;
| #endif
| #define HAVE_STDINT_H 1
| #define SIZEOF_UINT64_T 8
| #define SIZEOF_LONG_LONG 8
| #define SIZEOF_LONG 4
| #define SIZEOF___INT64 0
| #define HAVE_SNPRINTF 1
| #define HAVE_HERROR 1
| #define HAVE_HSTRERROR 1
| #define HAVE_DAEMON 1
| #define HAVE_GETADDRINFO 1
| #define ENABLE_IPV6 1
| #define HAVE_DIRENT_H 1
| #define HAVE_SYS_PARAM_H 1
| #define HAVE_SYS_TIME_H 1
| #define HAVE_TIME_H 1
| /* end confdefs.h.  */
| #include <sys/sysmacros.h>
configure:22988: result: no
configure:23023: checking for sys/sysmacros.h
configure:23030: result: no
configure:22898: checking for string.h
configure:22903: result: yes
configure:22898: checking for memory.h
configure:22903: result: yes
configure:22907: checking fcntl.h usability
configure:22919: gcc -c -g -O2 -W -Wall -Wshadow -Wpointer-arith -Wwrite-strings -Wmissing-noreturn -Wunreachable-code  conftest.c >&5
configure:22925: $? = 0
configure:22929: test -z 
			 || test ! -s conftest.err
configure:22932: $? = 0
configure:22935: test -s conftest.o
configure:22938: $? = 0
configure:22948: result: yes
configure:22952: checking fcntl.h presence
configure:22962: gcc -E  conftest.c
configure:22968: $? = 0
configure:22988: result: yes
configure:23023: checking for fcntl.h
configure:23030: result: yes
configure:22907: checking dirent.h usability
configure:22919: gcc -c -g -O2 -W -Wall -Wshadow -Wpointer-arith -Wwrite-strings -Wmissing-noreturn -Wunreachable-code  conftest.c >&5
configure:22925: $? = 0
configure:22929: test -z 
			 || test ! -s conftest.err
configure:22932: $? = 0
configure:22935: test -s conftest.o
configure:22938: $? = 0
configure:22948: result: yes
configure:22952: checking dirent.h presence
configure:22962: gcc -E  conftest.c
configure:22968: $? = 0
configure:22988: result: yes
configure:23023: checking for dirent.h
configure:23030: result: yes
configure:22907: checking sys/ndir.h usability
configure:22919: gcc -c -g -O2 -W -Wall -Wshadow -Wpointer-arith -Wwrite-strings -Wmissing-noreturn -Wunreachable-code  conftest.c >&5
conftest.c:80:22: error: sys/ndir.h: No such file or directory
configure:22925: $? = 1
configure: failed program was:
| /* confdefs.h.  */
| 
| #define PACKAGE_NAME "Quickening"
| #define PACKAGE_TARNAME "quickening"
| #define PACKAGE_VERSION "0.1.2"
| #define PACKAGE_STRING "Quickening 0.1.2"
| #define PACKAGE_BUGREPORT "bugs@scriptroute.org"
| #define PACKAGE "quickening"
| #define VERSION "0.1.2"
| #define FUNCATTR_NORETURN __attribute__ ((noreturn))
| #define HAVE_ATTR_NORETURN 1
| #define STDC_HEADERS 1
| #define HAVE_SYS_TYPES_H 1
| #define HAVE_SYS_STAT_H 1
| #define HAVE_STDLIB_H 1
| #define HAVE_STRING_H 1
| #define HAVE_MEMORY_H 1
| #define HAVE_STRINGS_H 1
| #define HAVE_INTTYPES_H 1
| #define HAVE_STDINT_H 1
| #define HAVE_UNISTD_H 1
| #define HAVE_DLFCN_H 1
| #ifdef __cplusplus
| extern "C" void std::exit (int); using std::exit;
| #endif
| #define HAVE_STDINT_H 1
| #define SIZEOF_UINT64_T 8
| #define SIZEOF_LONG_LONG 8
| #define SIZEOF_LONG 4
| #define SIZEOF___INT64 0
| #define HAVE_SNPRINTF 1
| #define HAVE_HERROR 1
| #define HAVE_HSTRERROR 1
| #define HAVE_DAEMON 1
| #define HAVE_GETADDRINFO 1
| #define ENABLE_IPV6 1
| #define HAVE_DIRENT_H 1
| #define HAVE_SYS_PARAM_H 1
| #define HAVE_SYS_TIME_H 1
| #define HAVE_TIME_H 1
| #define HAVE_STRING_H 1
| #define HAVE_MEMORY_H 1
| #define HAVE_FCNTL_H 1
| #define HAVE_DIRENT_H 1
| /* end confdefs.h.  */
| #include <stdio.h>
| #if HAVE_SYS_TYPES_H
| # include <sys/types.h>
| #endif
| #if HAVE_SYS_STAT_H
| # include <sys/stat.h>
| #endif
| #if STDC_HEADERS
| # include <stdlib.h>
| # include <stddef.h>
| #else
| # if HAVE_STDLIB_H
| #  include <stdlib.h>
| # endif
| #endif
| #if HAVE_STRING_H
| # if !STDC_HEADERS && HAVE_MEMORY_H
| #  include <memory.h>
| # endif
| # include <string.h>
| #endif
| #if HAVE_STRINGS_H
| # include <strings.h>
| #endif
| #if HAVE_INTTYPES_H
| # include <inttypes.h>
| #else
| # if HAVE_STDINT_H
| #  include <stdint.h>
| # endif
| #endif
| #if HAVE_UNISTD_H
| # include <unistd.h>
| #endif
| #include <sys/ndir.h>
configure:22948: result: no
configure:22952: checking sys/ndir.h presence
configure:22962: gcc -E  conftest.c
conftest.c:46:22: error: sys/ndir.h: No such file or directory
configure:22968: $? = 1
configure: failed program was:
| /* confdefs.h.  */
| 
| #define PACKAGE_NAME "Quickening"
| #define PACKAGE_TARNAME "quickening"
| #define PACKAGE_VERSION "0.1.2"
| #define PACKAGE_STRING "Quickening 0.1.2"
| #define PACKAGE_BUGREPORT "bugs@scriptroute.org"
| #define PACKAGE "quickening"
| #define VERSION "0.1.2"
| #define FUNCATTR_NORETURN __attribute__ ((noreturn))
| #define HAVE_ATTR_NORETURN 1
| #define STDC_HEADERS 1
| #define HAVE_SYS_TYPES_H 1
| #define HAVE_SYS_STAT_H 1
| #define HAVE_STDLIB_H 1
| #define HAVE_STRING_H 1
| #define HAVE_MEMORY_H 1
| #define HAVE_STRINGS_H 1
| #define HAVE_INTTYPES_H 1
| #define HAVE_STDINT_H 1
| #define HAVE_UNISTD_H 1
| #define HAVE_DLFCN_H 1
| #ifdef __cplusplus
| extern "C" void std::exit (int); using std::exit;
| #endif
| #define HAVE_STDINT_H 1
| #define SIZEOF_UINT64_T 8
| #define SIZEOF_LONG_LONG 8
| #define SIZEOF_LONG 4
| #define SIZEOF___INT64 0
| #define HAVE_SNPRINTF 1
| #define HAVE_HERROR 1
| #define HAVE_HSTRERROR 1
| #define HAVE_DAEMON 1
| #define HAVE_GETADDRINFO 1
| #define ENABLE_IPV6 1
| #define HAVE_DIRENT_H 1
| #define HAVE_SYS_PARAM_H 1
| #define HAVE_SYS_TIME_H 1
| #define HAVE_TIME_H 1
| #define HAVE_STRING_H 1
| #define HAVE_MEMORY_H 1
| #define HAVE_FCNTL_H 1
| #define HAVE_DIRENT_H 1
| /* end confdefs.h.  */
| #include <sys/ndir.h>
configure:22988: result: no
configure:23023: checking for sys/ndir.h
configure:23030: result: no
configure:22907: checking ndir.h usability
configure:22919: gcc -c -g -O2 -W -Wall -Wshadow -Wpointer-arith -Wwrite-strings -Wmissing-noreturn -Wunreachable-code  conftest.c >&5
conftest.c:80:18: error: ndir.h: No such file or directory
configure:22925: $? = 1
configure: failed program was:
| /* confdefs.h.  */
| 
| #define PACKAGE_NAME "Quickening"
| #define PACKAGE_TARNAME "quickening"
| #define PACKAGE_VERSION "0.1.2"
| #define PACKAGE_STRING "Quickening 0.1.2"
| #define PACKAGE_BUGREPORT "bugs@scriptroute.org"
| #define PACKAGE "quickening"
| #define VERSION "0.1.2"
| #define FUNCATTR_NORETURN __attribute__ ((noreturn))
| #define HAVE_ATTR_NORETURN 1
| #define STDC_HEADERS 1
| #define HAVE_SYS_TYPES_H 1
| #define HAVE_SYS_STAT_H 1
| #define HAVE_STDLIB_H 1
| #define HAVE_STRING_H 1
| #define HAVE_MEMORY_H 1
| #define HAVE_STRINGS_H 1
| #define HAVE_INTTYPES_H 1
| #define HAVE_STDINT_H 1
| #define HAVE_UNISTD_H 1
| #define HAVE_DLFCN_H 1
| #ifdef __cplusplus
| extern "C" void std::exit (int); using std::exit;
| #endif
| #define HAVE_STDINT_H 1
| #define SIZEOF_UINT64_T 8
| #define SIZEOF_LONG_LONG 8
| #define SIZEOF_LONG 4
| #define SIZEOF___INT64 0
| #define HAVE_SNPRINTF 1
| #define HAVE_HERROR 1
| #define HAVE_HSTRERROR 1
| #define HAVE_DAEMON 1
| #define HAVE_GETADDRINFO 1
| #define ENABLE_IPV6 1
| #define HAVE_DIRENT_H 1
| #define HAVE_SYS_PARAM_H 1
| #define HAVE_SYS_TIME_H 1
| #define HAVE_TIME_H 1
| #define HAVE_STRING_H 1
| #define HAVE_MEMORY_H 1
| #define HAVE_FCNTL_H 1
| #define HAVE_DIRENT_H 1
| /* end confdefs.h.  */
| #include <stdio.h>
| #if HAVE_SYS_TYPES_H
| # include <sys/types.h>
| #endif
| #if HAVE_SYS_STAT_H
| # include <sys/stat.h>
| #endif
| #if STDC_HEADERS
| # include <stdlib.h>
| # include <stddef.h>
| #else
| # if HAVE_STDLIB_H
| #  include <stdlib.h>
| # endif
| #endif
| #if HAVE_STRING_H
| # if !STDC_HEADERS && HAVE_MEMORY_H
| #  include <memory.h>
| # endif
| # include <string.h>
| #endif
| #if HAVE_STRINGS_H
| # include <strings.h>
| #endif
| #if HAVE_INTTYPES_H
| # include <inttypes.h>
| #else
| # if HAVE_STDINT_H
| #  include <stdint.h>
| # endif
| #endif
| #if HAVE_UNISTD_H
| # include <unistd.h>
| #endif
| #include <ndir.h>
configure:22948: result: no
configure:22952: checking ndir.h presence
configure:22962: gcc -E  conftest.c
conftest.c:46:18: error: ndir.h: No such file or directory
configure:22968: $? = 1
configure: failed program was:
| /* confdefs.h.  */
| 
| #define PACKAGE_NAME "Quickening"
| #define PACKAGE_TARNAME "quickening"
| #define PACKAGE_VERSION "0.1.2"
| #define PACKAGE_STRING "Quickening 0.1.2"
| #define PACKAGE_BUGREPORT "bugs@scriptroute.org"
| #define PACKAGE "quickening"
| #define VERSION "0.1.2"
| #define FUNCATTR_NORETURN __attribute__ ((noreturn))
| #define HAVE_ATTR_NORETURN 1
| #define STDC_HEADERS 1
| #define HAVE_SYS_TYPES_H 1
| #define HAVE_SYS_STAT_H 1
| #define HAVE_STDLIB_H 1
| #define HAVE_STRING_H 1
| #define HAVE_MEMORY_H 1
| #define HAVE_STRINGS_H 1
| #define HAVE_INTTYPES_H 1
| #define HAVE_STDINT_H 1
| #define HAVE_UNISTD_H 1
| #define HAVE_DLFCN_H 1
| #ifdef __cplusplus
| extern "C" void std::exit (int); using std::exit;
| #endif
| #define HAVE_STDINT_H 1
| #define SIZEOF_UINT64_T 8
| #define SIZEOF_LONG_LONG 8
| #define SIZEOF_LONG 4
| #define SIZEOF___INT64 0
| #define HAVE_SNPRINTF 1
| #define HAVE_HERROR 1
| #define HAVE_HSTRERROR 1
| #define HAVE_DAEMON 1
| #define HAVE_GETADDRINFO 1
| #define ENABLE_IPV6 1
| #define HAVE_DIRENT_H 1
| #define HAVE_SYS_PARAM_H 1
| #define HAVE_SYS_TIME_H 1
| #define HAVE_TIME_H 1
| #define HAVE_STRING_H 1
| #define HAVE_MEMORY_H 1
| #define HAVE_FCNTL_H 1
| #define HAVE_DIRENT_H 1
| /* end confdefs.h.  */
| #include <ndir.h>
configure:22988: result: no
configure:23023: checking for ndir.h
configure:23030: result: no
configure:22907: checking alloca.h usability
configure:22919: gcc -c -g -O2 -W -Wall -Wshadow -Wpointer-arith -Wwrite-strings -Wmissing-noreturn -Wunreachable-code  conftest.c >&5
configure:22925: $? = 0
configure:22929: test -z 
			 || test ! -s conftest.err
configure:22932: $? = 0
configure:22935: test -s conftest.o
configure:22938: $? = 0
configure:22948: result: yes
configure:22952: checking alloca.h presence
configure:22962: gcc -E  conftest.c
configure:22968: $? = 0
configure:22988: result: yes
configure:23023: checking for alloca.h
configure:23030: result: yes
configure:22907: checking locale.h usability
configure:22919: gcc -c -g -O2 -W -Wall -Wshadow -Wpointer-arith -Wwrite-strings -Wmissing-noreturn -Wunreachable-code  conftest.c >&5
configure:22925: $? = 0
configure:22929: test -z 
			 || test ! -s conftest.err
configure:22932: $? = 0
configure:22935: test -s conftest.o
configure:22938: $? = 0
configure:22948: result: yes
configure:22952: checking locale.h presence
configure:22962: gcc -E  conftest.c
configure:22968: $? = 0
configure:22988: result: yes
configure:23023: checking for locale.h
configure:23030: result: yes
configure:23059: checking utime.h usability
configure:23071: gcc -c -g -O2 -W -Wall -Wshadow -Wpointer-arith -Wwrite-strings -Wmissing-noreturn -Wunreachable-code  conftest.c >&5
configure:23077: $? = 0
configure:23081: test -z 
			 || test ! -s conftest.err
configure:23084: $? = 0
configure:23087: test -s conftest.o
configure:23090: $? = 0
configure:23100: result: yes
configure:23104: checking utime.h presence
configure:23114: gcc -E  conftest.c
configure:23120: $? = 0
configure:23140: result: yes
configure:23175: checking for utime.h
configure:23182: result: yes
configure:23059: checking error.h usability
configure:23071: gcc -c -g -O2 -W -Wall -Wshadow -Wpointer-arith -Wwrite-strings -Wmissing-noreturn -Wunreachable-code  conftest.c >&5
conftest.c:83:19: error: error.h: No such file or directory
configure:23077: $? = 1
configure: failed program was:
| /* confdefs.h.  */
| 
| #define PACKAGE_NAME "Quickening"
| #define PACKAGE_TARNAME "quickening"
| #define PACKAGE_VERSION "0.1.2"
| #define PACKAGE_STRING "Quickening 0.1.2"
| #define PACKAGE_BUGREPORT "bugs@scriptroute.org"
| #define PACKAGE "quickening"
| #define VERSION "0.1.2"
| #define FUNCATTR_NORETURN __attribute__ ((noreturn))
| #define HAVE_ATTR_NORETURN 1
| #define STDC_HEADERS 1
| #define HAVE_SYS_TYPES_H 1
| #define HAVE_SYS_STAT_H 1
| #define HAVE_STDLIB_H 1
| #define HAVE_STRING_H 1
| #define HAVE_MEMORY_H 1
| #define HAVE_STRINGS_H 1
| #define HAVE_INTTYPES_H 1
| #define HAVE_STDINT_H 1
| #define HAVE_UNISTD_H 1
| #define HAVE_DLFCN_H 1
| #ifdef __cplusplus
| extern "C" void std::exit (int); using std::exit;
| #endif
| #define HAVE_STDINT_H 1
| #define SIZEOF_UINT64_T 8
| #define SIZEOF_LONG_LONG 8
| #define SIZEOF_LONG 4
| #define SIZEOF___INT64 0
| #define HAVE_SNPRINTF 1
| #define HAVE_HERROR 1
| #define HAVE_HSTRERROR 1
| #define HAVE_DAEMON 1
| #define HAVE_GETADDRINFO 1
| #define ENABLE_IPV6 1
| #define HAVE_DIRENT_H 1
| #define HAVE_SYS_PARAM_H 1
| #define HAVE_SYS_TIME_H 1
| #define HAVE_TIME_H 1
| #define HAVE_STRING_H 1
| #define HAVE_MEMORY_H 1
| #define HAVE_FCNTL_H 1
| #define HAVE_DIRENT_H 1
| #define HAVE_ALLOCA_H 1
| #define HAVE_LOCALE_H 1
| #define HAVE_UTIME_H 1
| /* end confdefs.h.  */
| #include <stdio.h>
| #if HAVE_SYS_TYPES_H
| # include <sys/types.h>
| #endif
| #if HAVE_SYS_STAT_H
| # include <sys/stat.h>
| #endif
| #if STDC_HEADERS
| # include <stdlib.h>
| # include <stddef.h>
| #else
| # if HAVE_STDLIB_H
| #  include <stdlib.h>
| # endif
| #endif
| #if HAVE_STRING_H
| # if !STDC_HEADERS && HAVE_MEMORY_H
| #  include <memory.h>
| # endif
| # include <string.h>
| #endif
| #if HAVE_STRINGS_H
| # include <strings.h>
| #endif
| #if HAVE_INTTYPES_H
| # include <inttypes.h>
| #else
| # if HAVE_STDINT_H
| #  include <stdint.h>
| # endif
| #endif
| #if HAVE_UNISTD_H
| # include <unistd.h>
| #endif
| #include <error.h>
configure:23100: result: no
configure:23104: checking error.h presence
configure:23114: gcc -E  conftest.c
conftest.c:49:19: error: error.h: No such file or directory
configure:23120: $? = 1
configure: failed program was:
| /* confdefs.h.  */
| 
| #define PACKAGE_NAME "Quickening"
| #define PACKAGE_TARNAME "quickening"
| #define PACKAGE_VERSION "0.1.2"
| #define PACKAGE_STRING "Quickening 0.1.2"
| #define PACKAGE_BUGREPORT "bugs@scriptroute.org"
| #define PACKAGE "quickening"
| #define VERSION "0.1.2"
| #define FUNCATTR_NORETURN __attribute__ ((noreturn))
| #define HAVE_ATTR_NORETURN 1
| #define STDC_HEADERS 1
| #define HAVE_SYS_TYPES_H 1
| #define HAVE_SYS_STAT_H 1
| #define HAVE_STDLIB_H 1
| #define HAVE_STRING_H 1
| #define HAVE_MEMORY_H 1
| #define HAVE_STRINGS_H 1
| #define HAVE_INTTYPES_H 1
| #define HAVE_STDINT_H 1
| #define HAVE_UNISTD_H 1
| #define HAVE_DLFCN_H 1
| #ifdef __cplusplus
| extern "C" void std::exit (int); using std::exit;
| #endif
| #define HAVE_STDINT_H 1
| #define SIZEOF_UINT64_T 8
| #define SIZEOF_LONG_LONG 8
| #define SIZEOF_LONG 4
| #define SIZEOF___INT64 0
| #define HAVE_SNPRINTF 1
| #define HAVE_HERROR 1
| #define HAVE_HSTRERROR 1
| #define HAVE_DAEMON 1
| #define HAVE_GETADDRINFO 1
| #define ENABLE_IPV6 1
| #define HAVE_DIRENT_H 1
| #define HAVE_SYS_PARAM_H 1
| #define HAVE_SYS_TIME_H 1
| #define HAVE_TIME_H 1
| #define HAVE_STRING_H 1
| #define HAVE_MEMORY_H 1
| #define HAVE_FCNTL_H 1
| #define HAVE_DIRENT_H 1
| #define HAVE_ALLOCA_H 1
| #define HAVE_LOCALE_H 1
| #define HAVE_UTIME_H 1
| /* end confdefs.h.  */
| #include <error.h>
configure:23140: result: no
configure:23175: checking for error.h
configure:23182: result: no
configure:23195: checking for utime
configure:23214: gcc -c -g -O2 -W -Wall -Wshadow -Wpointer-arith -Wwrite-strings -Wmissing-noreturn -Wunreachable-code  conftest.c >&5
configure:23220: $? = 0
configure:23224: test -z 
			 || test ! -s conftest.err
configure:23227: $? = 0
configure:23230: test -s conftest.o
configure:23233: $? = 0
configure:23235: result: yes
configure:23353: checking whether sys/types.h defines makedev
configure:23374: gcc -o conftest -g -O2 -W -Wall -Wshadow -Wpointer-arith -Wwrite-strings -Wmissing-noreturn -Wunreachable-code   conftest.c  >&5
conftest.c: In function 'main':
conftest.c:56: warning: will never be executed
configure:23380: $? = 0
configure:23384: test -z 
			 || test ! -s conftest.err
configure:23387: $? = 0
configure:23390: test -s conftest
configure:23393: $? = 0
configure:23406: result: yes
configure:23709: checking for working alloca.h
configure:23730: gcc -o conftest -g -O2 -W -Wall -Wshadow -Wpointer-arith -Wwrite-strings -Wmissing-noreturn -Wunreachable-code   conftest.c  >&5
conftest.c: In function 'main':
conftest.c:54: warning: unused variable 'p'
configure:23736: $? = 0
configure:23740: test -z 
			 || test ! -s conftest.err
configure:23743: $? = 0
configure:23746: test -s conftest
configure:23749: $? = 0
configure:23761: result: yes
configure:23771: checking for alloca
configure:23812: gcc -o conftest -g -O2 -W -Wall -Wshadow -Wpointer-arith -Wwrite-strings -Wmissing-noreturn -Wunreachable-code   conftest.c  >&5
conftest.c: In function 'main':
conftest.c:75: warning: unused variable 'p'
configure:23818: $? = 0
configure:23822: test -z 
			 || test ! -s conftest.err
configure:23825: $? = 0
configure:23828: test -s conftest
configure:23831: $? = 0
configure:23843: result: yes
configure:24066: checking whether struct tm is in sys/time.h or time.h
configure:24089: gcc -c -g -O2 -W -Wall -Wshadow -Wpointer-arith -Wwrite-strings -Wmissing-noreturn -Wunreachable-code  conftest.c >&5
conftest.c: In function 'main':
conftest.c:58: warning: statement with no effect
configure:24095: $? = 0
configure:24099: test -z 
			 || test ! -s conftest.err
configure:24102: $? = 0
configure:24105: test -s conftest.o
configure:24108: $? = 0
configure:24119: result: time.h
configure:24129: checking for struct stat.st_blocks
configure:24152: gcc -c -g -O2 -W -Wall -Wshadow -Wpointer-arith -Wwrite-strings -Wmissing-noreturn -Wunreachable-code  conftest.c >&5
configure:24158: $? = 0
configure:24162: test -z 
			 || test ! -s conftest.err
configure:24165: $? = 0
configure:24168: test -s conftest.o
configure:24171: $? = 0
configure:24228: result: yes
configure:24253: checking whether closedir returns void
configure:24282: gcc -o conftest -g -O2 -W -Wall -Wshadow -Wpointer-arith -Wwrite-strings -Wmissing-noreturn -Wunreachable-code   conftest.c  >&5
conftest.c: In function 'main':
conftest.c:98: warning: will never be executed
configure:24285: $? = 0
configure:24287: ./conftest
configure:24290: $? = 0
configure:24304: result: no
configure:24318: checking for mkfifo
configure:24375: gcc -o conftest -g -O2 -W -Wall -Wshadow -Wpointer-arith -Wwrite-strings -Wmissing-noreturn -Wunreachable-code   conftest.c  >&5
conftest.c: In function 'main':
conftest.c:96: warning: will never be executed
configure:24381: $? = 0
configure:24385: test -z 
			 || test ! -s conftest.err
configure:24388: $? = 0
configure:24391: test -s conftest
configure:24394: $? = 0
configure:24406: result: yes
configure:24416: checking for mknod
configure:24473: gcc -o conftest -g -O2 -W -Wall -Wshadow -Wpointer-arith -Wwrite-strings -Wmissing-noreturn -Wunreachable-code   conftest.c  >&5
conftest.c: In function 'main':
conftest.c:97: warning: will never be executed
configure:24479: $? = 0
configure:24483: test -z 
			 || test ! -s conftest.err
configure:24486: $? = 0
configure:24489: test -s conftest
configure:24492: $? = 0
configure:24504: result: yes
configure:24507: checking for vprintf
configure:24564: gcc -o conftest -g -O2 -W -Wall -Wshadow -Wpointer-arith -Wwrite-strings -Wmissing-noreturn -Wunreachable-code   conftest.c  >&5
conftest.c:79: warning: conflicting types for built-in function 'vprintf'
conftest.c: In function 'main':
conftest.c:97: warning: will never be executed
configure:24570: $? = 0
configure:24574: test -z 
			 || test ! -s conftest.err
configure:24577: $? = 0
configure:24580: test -s conftest
configure:24583: $? = 0
configure:24595: result: yes
configure:24598: checking for doprnt
configure:24655: gcc -o conftest -g -O2 -W -Wall -Wshadow -Wpointer-arith -Wwrite-strings -Wmissing-noreturn -Wunreachable-code   conftest.c  >&5
conftest.c: In function 'main':
conftest.c:97: warning: will never be executed
/usr/bin/ld: Undefined symbols:
_doprnt
collect2: ld returned 1 exit status
configure:24661: $? = 1
configure: failed program was:
| /* confdefs.h.  */
| 
| #define PACKAGE_NAME "Quickening"
| #define PACKAGE_TARNAME "quickening"
| #define PACKAGE_VERSION "0.1.2"
| #define PACKAGE_STRING "Quickening 0.1.2"
| #define PACKAGE_BUGREPORT "bugs@scriptroute.org"
| #define PACKAGE "quickening"
| #define VERSION "0.1.2"
| #define FUNCATTR_NORETURN __attribute__ ((noreturn))
| #define HAVE_ATTR_NORETURN 1
| #define STDC_HEADERS 1
| #define HAVE_SYS_TYPES_H 1
| #define HAVE_SYS_STAT_H 1
| #define HAVE_STDLIB_H 1
| #define HAVE_STRING_H 1
| #define HAVE_MEMORY_H 1
| #define HAVE_STRINGS_H 1
| #define HAVE_INTTYPES_H 1
| #define HAVE_STDINT_H 1
| #define HAVE_UNISTD_H 1
| #define HAVE_DLFCN_H 1
| #ifdef __cplusplus
| extern "C" void std::exit (int); using std::exit;
| #endif
| #define HAVE_STDINT_H 1
| #define SIZEOF_UINT64_T 8
| #define SIZEOF_LONG_LONG 8
| #define SIZEOF_LONG 4
| #define SIZEOF___INT64 0
| #define HAVE_SNPRINTF 1
| #define HAVE_HERROR 1
| #define HAVE_HSTRERROR 1
| #define HAVE_DAEMON 1
| #define HAVE_GETADDRINFO 1
| #define ENABLE_IPV6 1
| #define HAVE_DIRENT_H 1
| #define HAVE_SYS_PARAM_H 1
| #define HAVE_SYS_TIME_H 1
| #define HAVE_TIME_H 1
| #define HAVE_STRING_H 1
| #define HAVE_MEMORY_H 1
| #define HAVE_FCNTL_H 1
| #define HAVE_DIRENT_H 1
| #define HAVE_ALLOCA_H 1
| #define HAVE_LOCALE_H 1
| #define HAVE_UTIME_H 1
| #define HAVE_STRUCT_UTIMBUF 1
| #define HAVE_ALLOCA_H 1
| #define HAVE_ALLOCA 1
| #define HAVE_STRUCT_STAT_ST_BLOCKS 1
| #define HAVE_ST_BLOCKS 1
| #define HAVE_MKFIFO 1
| /* end confdefs.h.  */
| /* Define doprnt to an innocuous variant, in case <limits.h> declares doprnt.
|    For example, HP-UX 11i <limits.h> declares gettimeofday.  */
| #define doprnt innocuous_doprnt
| 
| /* System header to define __stub macros and hopefully few prototypes,
|     which can conflict with char doprnt (); below.
|     Prefer <limits.h> to <assert.h> if __STDC__ is defined, since
|     <limits.h> exists even on freestanding compilers.  */
| 
| #ifdef __STDC__
| # include <limits.h>
| #else
| # include <assert.h>
| #endif
| 
| #undef doprnt
| 
| /* Override any gcc2 internal prototype to avoid an error.  */
| #ifdef __cplusplus
| extern "C"
| {
| #endif
| /* We use char because int might match the return type of a gcc2
|    builtin and then its argument prototype would still apply.  */
| char doprnt ();
| /* The GNU C library defines this for functions which it implements
|     to always fail with ENOSYS.  Some functions are actually named
|     something starting with __ and the normal name is an alias.  */
| #if defined (__stub_doprnt) || defined (__stub___doprnt)
| choke me
| #else
| char (*f) () = doprnt;
| #endif
| #ifdef __cplusplus
| }
| #endif
| 
| int
| main ()
| {
| return f != doprnt;
|   ;
|   return 0;
| }
configure:24686: result: no
configure:24692: checking whether -static might work
configure:24712: gcc -o conftest -g -O2 -W -Wall -Wshadow -Wpointer-arith -Wwrite-strings -Wmissing-noreturn -Wunreachable-code -static   conftest.c  >&5
conftest.c: In function 'main':
conftest.c:55: warning: implicit declaration of function 'exit'
conftest.c:55: warning: incompatible implicit declaration of built-in function 'exit'
conftest.c:55: warning: unused parameter 'argc'
conftest.c:55: warning: unused parameter 'argv'
/usr/bin/ld: can't locate file for: -lcrt0.o
collect2: ld returned 1 exit status
configure:24715: $? = 1
configure: program exited with status 1
configure: failed program was:
| /* confdefs.h.  */
| 
| #define PACKAGE_NAME "Quickening"
| #define PACKAGE_TARNAME "quickening"
| #define PACKAGE_VERSION "0.1.2"
| #define PACKAGE_STRING "Quickening 0.1.2"
| #define PACKAGE_BUGREPORT "bugs@scriptroute.org"
| #define PACKAGE "quickening"
| #define VERSION "0.1.2"
| #define FUNCATTR_NORETURN __attribute__ ((noreturn))
| #define HAVE_ATTR_NORETURN 1
| #define STDC_HEADERS 1
| #define HAVE_SYS_TYPES_H 1
| #define HAVE_SYS_STAT_H 1
| #define HAVE_STDLIB_H 1
| #define HAVE_STRING_H 1
| #define HAVE_MEMORY_H 1
| #define HAVE_STRINGS_H 1
| #define HAVE_INTTYPES_H 1
| #define HAVE_STDINT_H 1
| #define HAVE_UNISTD_H 1
| #define HAVE_DLFCN_H 1
| #ifdef __cplusplus
| extern "C" void std::exit (int); using std::exit;
| #endif
| #define HAVE_STDINT_H 1
| #define SIZEOF_UINT64_T 8
| #define SIZEOF_LONG_LONG 8
| #define SIZEOF_LONG 4
| #define SIZEOF___INT64 0
| #define HAVE_SNPRINTF 1
| #define HAVE_HERROR 1
| #define HAVE_HSTRERROR 1
| #define HAVE_DAEMON 1
| #define HAVE_GETADDRINFO 1
| #define ENABLE_IPV6 1
| #define HAVE_DIRENT_H 1
| #define HAVE_SYS_PARAM_H 1
| #define HAVE_SYS_TIME_H 1
| #define HAVE_TIME_H 1
| #define HAVE_STRING_H 1
| #define HAVE_MEMORY_H 1
| #define HAVE_FCNTL_H 1
| #define HAVE_DIRENT_H 1
| #define HAVE_ALLOCA_H 1
| #define HAVE_LOCALE_H 1
| #define HAVE_UTIME_H 1
| #define HAVE_STRUCT_UTIMBUF 1
| #define HAVE_ALLOCA_H 1
| #define HAVE_ALLOCA 1
| #define HAVE_STRUCT_STAT_ST_BLOCKS 1
| #define HAVE_ST_BLOCKS 1
| #define HAVE_MKFIFO 1
| /* end confdefs.h.  */
| int main(int argc, char **argv) { exit(0); }
configure:24731: result: no
configure:24782: checking for ranlib
configure:24809: result: ranlib
configure:24925: creating ./config.status

## ---------------------- ##
## Running config.status. ##
## ---------------------- ##

This file was extended by Quickening config.status 0.1.2, which was
generated by GNU Autoconf 2.59.  Invocation command line was

  CONFIG_FILES    = 
  CONFIG_HEADERS  = 
  CONFIG_LINKS    = 
  CONFIG_COMMANDS = 
  $ ./config.status 

on gregory-crosswhites-ibook-g4.local

config.status:718: creating adt/Makefile
config.status:718: creating Makefile
config.status:822: creating config.h
config.status:1172: executing depfiles commands

## ---------------- ##
## Cache variables. ##
## ---------------- ##

ac_cv_build=powerpc-apple-darwin8.11.0
ac_cv_build_alias=powerpc-apple-darwin8.11.0
ac_cv_c_compiler_gnu=yes
ac_cv_cxx_compiler_gnu=yes
ac_cv_env_CC_set=
ac_cv_env_CC_value=
ac_cv_env_CFLAGS_set=
ac_cv_env_CFLAGS_value=
ac_cv_env_CPPFLAGS_set=
ac_cv_env_CPPFLAGS_value=
ac_cv_env_CPP_set=
ac_cv_env_CPP_value=
ac_cv_env_CXXCPP_set=
ac_cv_env_CXXCPP_value=
ac_cv_env_CXXFLAGS_set=
ac_cv_env_CXXFLAGS_value=
ac_cv_env_CXX_set=
ac_cv_env_CXX_value=
ac_cv_env_F77_set=
ac_cv_env_F77_value=
ac_cv_env_FFLAGS_set=
ac_cv_env_FFLAGS_value=
ac_cv_env_LDFLAGS_set=
ac_cv_env_LDFLAGS_value=
ac_cv_env_build_alias_set=
ac_cv_env_build_alias_value=
ac_cv_env_host_alias_set=
ac_cv_env_host_alias_value=
ac_cv_env_target_alias_set=
ac_cv_env_target_alias_value=
ac_cv_exeext=
ac_cv_f77_compiler_gnu=yes
ac_cv_func_alloca_works=yes
ac_cv_func_closedir_void=no
ac_cv_func_daemon=yes
ac_cv_func_doprnt=no
ac_cv_func_getopt_long=yes
ac_cv_func_herror=yes
ac_cv_func_hstrerror=yes
ac_cv_func_mkfifo=yes
ac_cv_func_mknod=yes
ac_cv_func_scandir=yes
ac_cv_func_snprintf=yes
ac_cv_func_vprintf=yes
ac_cv_header_alloca_h=yes
ac_cv_header_check_h=no
ac_cv_header_dirent_dirent_h=yes
ac_cv_header_dirent_h=yes
ac_cv_header_dlfcn_h=yes
ac_cv_header_error_h=no
ac_cv_header_fcntl_h=yes
ac_cv_header_inttypes_h=yes
ac_cv_header_locale_h=yes
ac_cv_header_memory_h=yes
ac_cv_header_ndir_h=no
ac_cv_header_stdc=yes
ac_cv_header_stdint_h=yes
ac_cv_header_stdlib_h=yes
ac_cv_header_string_h=yes
ac_cv_header_strings_h=yes
ac_cv_header_sys_mkdev_h=no
ac_cv_header_sys_ndir_h=no
ac_cv_header_sys_param_h=yes
ac_cv_header_sys_stat_h=yes
ac_cv_header_sys_sysmacros_h=no
ac_cv_header_sys_time_h=yes
ac_cv_header_sys_types_h=yes
ac_cv_header_sys_types_h_makedev=yes
ac_cv_header_time_h=yes
ac_cv_header_unistd_h=yes
ac_cv_header_utime_h=yes
ac_cv_host=powerpc-apple-darwin8.11.0
ac_cv_host_alias=powerpc-apple-darwin8.11.0
ac_cv_hostcheck=
ac_cv_lib_check_suite_create=no
ac_cv_member_struct_stat_st_blocks=yes
ac_cv_objext=o
ac_cv_path_install='/usr/bin/install -c'
ac_cv_prog_AWK=awk
ac_cv_prog_CPP='gcc -E'
ac_cv_prog_CXXCPP='g++ -E'
ac_cv_prog_ac_ct_AR=ar
ac_cv_prog_ac_ct_CC=gcc
ac_cv_prog_ac_ct_CXX=g++
ac_cv_prog_ac_ct_F77=g77
ac_cv_prog_ac_ct_RANLIB=ranlib
ac_cv_prog_ac_ct_STRIP=strip
ac_cv_prog_cc_g=yes
ac_cv_prog_cc_stdc=
ac_cv_prog_cxx_g=yes
ac_cv_prog_egrep='grep -E'
ac_cv_prog_f77_g=yes
ac_cv_prog_make_make_set=yes
ac_cv_search_opendir='none required'
ac_cv_sizeof___int64=0
ac_cv_sizeof_long=4
ac_cv_sizeof_long_long=8
ac_cv_sizeof_uint64_t=8
ac_cv_struct_tm=time.h
ac_cv_type___int64=no
ac_cv_type_long=yes
ac_cv_type_long_long=yes
ac_cv_type_pthread_mutex_t=yes
ac_cv_type_socklen_t=yes
ac_cv_type_u_int64_t=yes
ac_cv_type_uint64_t=yes
ac_cv_use_werror=no
ac_cv_working_alloca_h=yes
ac_cv_working_getaddrinfo=yes
am_cv_CC_dependencies_compiler_type=gcc3
am_cv_CXX_dependencies_compiler_type=gcc3
lt_cv_deplibs_check_method=pass_all
lt_cv_file_magic_cmd='/usr/bin/file -L'
lt_cv_file_magic_test_file=/usr/lib/libSystem.dylib
lt_cv_ld_reload_flag=-r
lt_cv_objdir=.libs
lt_cv_path_LD=/usr/bin/ld
lt_cv_path_LDCXX=/usr/bin/ld
lt_cv_path_NM='/usr/bin/nm -p'
lt_cv_path_SED=/usr/bin/sed
lt_cv_prog_compiler_c_o=yes
lt_cv_prog_compiler_c_o_CXX=yes
lt_cv_prog_compiler_c_o_F77=yes
lt_cv_prog_compiler_rtti_exceptions=no
lt_cv_prog_gnu_ld=no
lt_cv_prog_gnu_ldcxx=no
lt_cv_sys_global_symbol_pipe='sed -n -e '\''s/^.*[ 	]\([BCDEGRST][BCDEGRST]*\)[ 	][ 	]*\(_\)\([_A-Za-z][_A-Za-z0-9]*\)$/\1 \2\3 \3/p'\'''
lt_cv_sys_global_symbol_to_c_name_address='sed -n -e '\''s/^: \([^ ]*\) $/  {\"\1\", (lt_ptr) 0},/p'\'' -e '\''s/^[BCDEGRST] \([^ ]*\) \([^ ]*\)$/  {"\2", (lt_ptr) \&\2},/p'\'''
lt_cv_sys_global_symbol_to_cdecl='sed -n -e '\''s/^. .* \(.*\)$/extern int \1;/p'\'''
lt_cv_sys_max_cmd_len=65536
lt_lt_cv_prog_compiler_c_o='"yes"'
lt_lt_cv_prog_compiler_c_o_CXX='"yes"'
lt_lt_cv_prog_compiler_c_o_F77='"yes"'
lt_lt_cv_sys_global_symbol_pipe='"sed -n -e '\''s/^.*[ 	]\\([BCDEGRST][BCDEGRST]*\\)[ 	][ 	]*\\(_\\)\\([_A-Za-z][_A-Za-z0-9]*\\)\$/\\1 \\2\\3 \\3/p'\''"'
lt_lt_cv_sys_global_symbol_to_c_name_address='"sed -n -e '\''s/^: \\([^ ]*\\) \$/  {\\\"\\1\\\", (lt_ptr) 0},/p'\'' -e '\''s/^[BCDEGRST] \\([^ ]*\\) \\([^ ]*\\)\$/  {\"\\2\", (lt_ptr) \\&\\2},/p'\''"'
lt_lt_cv_sys_global_symbol_to_cdecl='"sed -n -e '\''s/^. .* \\(.*\\)\$/extern int \\1;/p'\''"'
qef_cv_c_noreturn=yes

## ----------------- ##
## Output variables. ##
## ----------------- ##

ACLOCAL='${SHELL} /Users/gcross/Projects/QC/Communications/SQuInT/quicktime-frames/quickening-0.1.2/missing --run aclocal-1.6'
ALLOCA=''
AMDEPBACKSLASH='\'
AMDEP_FALSE='#'
AMDEP_TRUE=''
AMTAR='${SHELL} /Users/gcross/Projects/QC/Communications/SQuInT/quicktime-frames/quickening-0.1.2/missing --run tar'
AR='ar'
AUTOCONF='${SHELL} /Users/gcross/Projects/QC/Communications/SQuInT/quicktime-frames/quickening-0.1.2/missing --run autoconf'
AUTOHEADER='${SHELL} /Users/gcross/Projects/QC/Communications/SQuInT/quicktime-frames/quickening-0.1.2/missing --run autoheader'
AUTOMAKE='${SHELL} /Users/gcross/Projects/QC/Communications/SQuInT/quicktime-frames/quickening-0.1.2/missing --run automake-1.6'
AWK='awk'
CC='gcc'
CCDEPMODE='depmode=gcc3'
CFLAGS='-g -O2 -W -Wall -Wshadow -Wpointer-arith -Wwrite-strings -Wmissing-noreturn -Wunreachable-code'
CPP='gcc -E'
CPPFLAGS=''
CVSCL=''
CXX='g++'
CXXCPP='g++ -E'
CXXDEPMODE='depmode=gcc3'
CXXFLAGS='-g -O2'
DEFS='-DHAVE_CONFIG_H'
DEPDIR='.deps'
DOT=''
ECHO='echo'
ECHO_C=''
ECHO_N='-n'
ECHO_T=''
EGREP='grep -E'
EXEEXT=''
F77='g77'
FFLAGS='-g -O2'
GETOPT_LIBTOOLOBJ=''
GETOPT_OBJ=''
GETOPT_SRC=''
INSTALL_DATA='${INSTALL} -m 644'
INSTALL_PROGRAM='${INSTALL}'
INSTALL_SCRIPT='${INSTALL}'
INSTALL_STRIP_PROGRAM='${SHELL} $(install_sh) -c -s'
IPV6_ENABLED='1'
LDFLAGS=''
LIBOBJS=''
LIBS=''
LIBTOOL='$(SHELL) $(top_builddir)/libtool'
LINT=''
LN_S='ln -s'
LTLIBOBJS=''
MAKEINFO='${SHELL} /Users/gcross/Projects/QC/Communications/SQuInT/quicktime-frames/quickening-0.1.2/missing --run makeinfo'
OBJEXT='o'
PACKAGE='quickening'
PACKAGE_BUGREPORT='bugs@scriptroute.org'
PACKAGE_NAME='Quickening'
PACKAGE_STRING='Quickening 0.1.2'
PACKAGE_TARNAME='quickening'
PACKAGE_VERSION='0.1.2'
PATH_SEPARATOR=':'
RANLIB='ranlib'
SCANDIR_LIBTOOLOBJ=''
SCANDIR_OBJ=''
SET_MAKE=''
SHELL='/bin/sh'
STATIC_LINK=''
STRIP='strip'
VERSION='0.1.2'
WERROR=''
ac_ct_AR='ar'
ac_ct_CC='gcc'
ac_ct_CXX='g++'
ac_ct_F77='g77'
ac_ct_RANLIB='ranlib'
ac_ct_STRIP='strip'
am__include='include'
am__quote=''
bindir='${exec_prefix}/bin'
build='powerpc-apple-darwin8.11.0'
build_alias=''
build_cpu='powerpc'
build_os='darwin8.11.0'
build_vendor='apple'
datadir='${prefix}/share'
exec_prefix='${prefix}'
host='powerpc-apple-darwin8.11.0'
host_alias=''
host_cpu='powerpc'
host_os='darwin8.11.0'
host_vendor='apple'
includedir='${prefix}/include'
infodir='${prefix}/info'
install_sh='/Users/gcross/Projects/QC/Communications/SQuInT/quicktime-frames/quickening-0.1.2/install-sh'
libdir='${exec_prefix}/lib'
libexecdir='${exec_prefix}/libexec'
localstatedir='${prefix}/var'
mandir='${prefix}/man'
oldincludedir='/usr/include'
prefix='/usr/local'
program_transform_name='s,x,x,'
sbindir='${exec_prefix}/sbin'
sharedstatedir='${prefix}/com'
sysconfdir='${prefix}/etc'
target_alias=''

## ----------- ##
## confdefs.h. ##
## ----------- ##

#define ENABLE_IPV6 1
#define FUNCATTR_NORETURN __attribute__ ((noreturn))
#define HAVE_ALLOCA 1
#define HAVE_ALLOCA_H 1
#define HAVE_ALLOCA_H 1
#define HAVE_ATTR_NORETURN 1
#define HAVE_DAEMON 1
#define HAVE_DIRENT_H 1
#define HAVE_DIRENT_H 1
#define HAVE_DLFCN_H 1
#define HAVE_FCNTL_H 1
#define HAVE_GETADDRINFO 1
#define HAVE_HERROR 1
#define HAVE_HSTRERROR 1
#define HAVE_INTTYPES_H 1
#define HAVE_LOCALE_H 1
#define HAVE_MEMORY_H 1
#define HAVE_MEMORY_H 1
#define HAVE_MKFIFO 1
#define HAVE_SNPRINTF 1
#define HAVE_STDINT_H 1
#define HAVE_STDINT_H 1
#define HAVE_STDLIB_H 1
#define HAVE_STRINGS_H 1
#define HAVE_STRING_H 1
#define HAVE_STRING_H 1
#define HAVE_STRUCT_STAT_ST_BLOCKS 1
#define HAVE_STRUCT_UTIMBUF 1
#define HAVE_ST_BLOCKS 1
#define HAVE_SYS_PARAM_H 1
#define HAVE_SYS_STAT_H 1
#define HAVE_SYS_TIME_H 1
#define HAVE_SYS_TYPES_H 1
#define HAVE_TIME_H 1
#define HAVE_UNISTD_H 1
#define HAVE_UTIME_H 1
#define PACKAGE "quickening"
#define PACKAGE_BUGREPORT "bugs@scriptroute.org"
#define PACKAGE_NAME "Quickening"
#define PACKAGE_STRING "Quickening 0.1.2"
#define PACKAGE_TARNAME "quickening"
#define PACKAGE_VERSION "0.1.2"
#define SIZEOF_LONG 4
#define SIZEOF_LONG_LONG 8
#define SIZEOF_UINT64_T 8
#define SIZEOF___INT64 0
#define STDC_HEADERS 1
#define VERSION "0.1.2"
#endif
#ifdef __cplusplus
extern "C" void std::exit (int); using std::exit;

configure: exit 0
